爬虫执行日志
时间: 2026-03-11 12:01:38.845560
总计获取: 192 条
来源: 中国储能网, 北极星储能网, 中关村储能联盟, 储能中国网

来源详情:
  北极星储能网: 90 条
  储能中国网: 12 条
  中关村储能联盟: 6 条
  江苏省储能行业协会: 0 条
  北极星光伏网: 0 条
  高工储能: 0 条
  OFweek储能: 0 条
  中国储能网: 84 条

错误记录 (10条):
  [2026-03-11T12:01:24.896766] 江苏省储能行业协会: 数据量不足: 仅获取0条, 期望3条
  [2026-03-11T12:01:27.847109] 北极星光伏网: 第1次请求失败: HTTP Error 404: Not Found
  [2026-03-11T12:01:29.953457] 北极星光伏网: 第2次请求失败: HTTP Error 404: Not Found
  [2026-03-11T12:01:33.018060] 北极星光伏网: 第3次请求失败: HTTP Error 404: Not Found
  [2026-03-11T12:01:33.018136] 北极星光伏网: 无法获取页面内容
  [2026-03-11T12:01:33.251689] 高工储能: 第1次请求失败: HTTP Error 503: Service Temporarily Unavailable
  [2026-03-11T12:01:34.575061] 高工储能: 第2次请求失败: HTTP Error 503: Service Temporarily Unavailable
  [2026-03-11T12:01:36.766511] 高工储能: 第3次请求失败: HTTP Error 503: Service Temporarily Unavailable
  [2026-03-11T12:01:36.766614] 高工储能: 无法获取页面内容
  [2026-03-11T12:01:37.225967] OFweek储能: 数据量不足: 仅获取0条, 期望5条
