爬虫执行日志
时间: 2026-03-14 10:00:25.194958
总计获取: 193 条
来源: 储能中国网, 中国储能网, 北极星储能网, 中关村储能联盟

来源详情:
  北极星储能网: 92 条
  储能中国网: 12 条
  中关村储能联盟: 6 条
  江苏省储能行业协会: 0 条
  北极星光伏网: 0 条
  高工储能: 0 条
  OFweek储能: 0 条
  中国储能网: 83 条

错误记录 (7条):
  [2026-03-14T10:00:15.564040] 江苏省储能行业协会: 数据量不足: 仅获取0条, 期望3条
  [2026-03-14T10:00:16.300310] 北极星光伏网: 数据量不足: 仅获取0条, 期望5条
  [2026-03-14T10:00:18.824566] 高工储能: 第1次请求失败: HTTP Error 503: Service Temporarily Unavailable
  [2026-03-14T10:00:20.036019] 高工储能: 第2次请求失败: HTTP Error 503: Service Temporarily Unavailable
  [2026-03-14T10:00:22.258302] 高工储能: 第3次请求失败: HTTP Error 503: Service Temporarily Unavailable
  [2026-03-14T10:00:22.258402] 高工储能: 无法获取页面内容
  [2026-03-14T10:00:22.754477] OFweek储能: 数据量不足: 仅获取0条, 期望5条
