爬虫执行日志
时间: 2026-03-08 22:14:07.599041
总计获取: 196 条
来源: 中关村储能联盟, 北极星储能网, 中国储能网, 储能中国网

来源详情:
  北极星储能网: 93 条
  储能中国网: 12 条
  中关村储能联盟: 6 条
  江苏省储能行业协会: 0 条
  北极星光伏网: 0 条
  高工储能: 0 条
  OFweek储能: 0 条
  中国储能网: 85 条

错误记录 (10条):
  [2026-03-08T22:13:50.191489] 江苏省储能行业协会: 数据量不足: 仅获取0条, 期望3条
  [2026-03-08T22:13:54.219814] 北极星光伏网: 第1次请求失败: HTTP Error 404: Not Found
  [2026-03-08T22:13:56.317283] 北极星光伏网: 第2次请求失败: HTTP Error 404: Not Found
  [2026-03-08T22:13:59.403017] 北极星光伏网: 第3次请求失败: HTTP Error 404: Not Found
  [2026-03-08T22:13:59.403095] 北极星光伏网: 无法获取页面内容
  [2026-03-08T22:13:59.606645] 高工储能: 第1次请求失败: HTTP Error 503: Service Temporarily Unavailable
  [2026-03-08T22:14:02.782820] 高工储能: 第2次请求失败: HTTP Error 503: Service Temporarily Unavailable
  [2026-03-08T22:14:05.000133] 高工储能: 第3次请求失败: HTTP Error 503: Service Temporarily Unavailable
  [2026-03-08T22:14:05.000234] 高工储能: 无法获取页面内容
  [2026-03-08T22:14:05.852007] OFweek储能: 数据量不足: 仅获取0条, 期望5条
