爬虫执行日志
时间: 2026-03-20 18:20:27.817042
总计获取: 201 条
来源: 中关村储能联盟, 北极星储能网, 中国储能网, 储能中国网

来源详情:
  北极星储能网: 96 条
  储能中国网: 15 条
  中关村储能联盟: 6 条
  江苏省储能行业协会: 0 条
  北极星光伏网: 0 条
  高工储能: 0 条
  OFweek储能: 0 条
  中国储能网: 84 条

错误记录 (10条):
  [2026-03-20T18:20:15.437380] 江苏省储能行业协会: 数据量不足: 仅获取0条, 期望3条
  [2026-03-20T18:20:16.544504] 北极星光伏网: 第1次请求失败: HTTP Error 404: Not Found
  [2026-03-20T18:20:18.656502] 北极星光伏网: 第2次请求失败: HTTP Error 404: Not Found
  [2026-03-20T18:20:21.726560] 北极星光伏网: 第3次请求失败: HTTP Error 404: Not Found
  [2026-03-20T18:20:21.726635] 北极星光伏网: 无法获取页面内容
  [2026-03-20T18:20:21.939696] 高工储能: 第1次请求失败: HTTP Error 503: Service Temporarily Unavailable
  [2026-03-20T18:20:23.157319] 高工储能: 第2次请求失败: HTTP Error 503: Service Temporarily Unavailable
  [2026-03-20T18:20:25.376267] 高工储能: 第3次请求失败: HTTP Error 503: Service Temporarily Unavailable
  [2026-03-20T18:20:25.376368] 高工储能: 无法获取页面内容
  [2026-03-20T18:20:25.901628] OFweek储能: 数据量不足: 仅获取0条, 期望5条
