爬虫执行日志
时间: 2026-03-22 16:04:50.564722
总计获取: 201 条
来源: 储能中国网, 中关村储能联盟, 中国储能网, 北极星储能网

来源详情:
  北极星储能网: 96 条
  储能中国网: 15 条
  中关村储能联盟: 6 条
  江苏省储能行业协会: 0 条
  北极星光伏网: 0 条
  高工储能: 0 条
  OFweek储能: 0 条
  中国储能网: 84 条

错误记录 (10条):
  [2026-03-22T16:04:35.364725] 江苏省储能行业协会: 数据量不足: 仅获取0条, 期望3条
  [2026-03-22T16:04:37.306516] 北极星光伏网: 第1次请求失败: HTTP Error 404: Not Found
  [2026-03-22T16:04:39.396688] 北极星光伏网: 第2次请求失败: HTTP Error 404: Not Found
  [2026-03-22T16:04:44.518210] 北极星光伏网: 第3次请求失败: HTTP Error 404: Not Found
  [2026-03-22T16:04:44.518315] 北极星光伏网: 无法获取页面内容
  [2026-03-22T16:04:44.743723] 高工储能: 第1次请求失败: HTTP Error 503: Service Temporarily Unavailable
  [2026-03-22T16:04:45.945064] 高工储能: 第2次请求失败: HTTP Error 503: Service Temporarily Unavailable
  [2026-03-22T16:04:48.174114] 高工储能: 第3次请求失败: HTTP Error 503: Service Temporarily Unavailable
  [2026-03-22T16:04:48.174220] 高工储能: 无法获取页面内容
  [2026-03-22T16:04:48.575164] OFweek储能: 数据量不足: 仅获取0条, 期望5条
