爬虫执行日志
时间: 2026-03-27 20:06:31.285029
总计获取: 196 条
来源: 中国储能网, 北极星储能网, 储能中国网, 中关村储能联盟

来源详情:
  北极星储能网: 94 条
  储能中国网: 12 条
  中关村储能联盟: 6 条
  江苏省储能行业协会: 0 条
  北极星光伏网: 0 条
  高工储能: 0 条
  OFweek储能: 0 条
  中国储能网: 84 条

错误记录 (7条):
  [2026-03-27T20:06:21.975008] 江苏省储能行业协会: 数据量不足: 仅获取0条, 期望3条
  [2026-03-27T20:06:22.798960] 北极星光伏网: 数据量不足: 仅获取0条, 期望5条
  [2026-03-27T20:06:25.448664] 高工储能: 第1次请求失败: HTTP Error 503: Service Temporarily Unavailable
  [2026-03-27T20:06:26.671827] 高工储能: 第2次请求失败: HTTP Error 503: Service Temporarily Unavailable
  [2026-03-27T20:06:28.890449] 高工储能: 第3次请求失败: HTTP Error 503: Service Temporarily Unavailable
  [2026-03-27T20:06:28.890558] 高工储能: 无法获取页面内容
  [2026-03-27T20:06:29.549716] OFweek储能: 数据量不足: 仅获取0条, 期望5条
