爬虫执行日志
时间: 2026-03-19 18:20:31.883363
总计获取: 196 条
来源: 北极星储能网, 储能中国网, 中国储能网, 中关村储能联盟

来源详情:
  北极星储能网: 92 条
  储能中国网: 15 条
  中关村储能联盟: 6 条
  江苏省储能行业协会: 0 条
  北极星光伏网: 0 条
  高工储能: 0 条
  OFweek储能: 0 条
  中国储能网: 83 条

错误记录 (10条):
  [2026-03-19T18:20:19.289061] 江苏省储能行业协会: 数据量不足: 仅获取0条, 期望3条
  [2026-03-19T18:20:20.381602] 北极星光伏网: 第1次请求失败: HTTP Error 404: Not Found
  [2026-03-19T18:20:22.545123] 北极星光伏网: 第2次请求失败: HTTP Error 404: Not Found
  [2026-03-19T18:20:25.635211] 北极星光伏网: 第3次请求失败: HTTP Error 404: Not Found
  [2026-03-19T18:20:25.635304] 北极星光伏网: 无法获取页面内容
  [2026-03-19T18:20:25.852859] 高工储能: 第1次请求失败: HTTP Error 503: Service Temporarily Unavailable
  [2026-03-19T18:20:27.083691] 高工储能: 第2次请求失败: HTTP Error 503: Service Temporarily Unavailable
  [2026-03-19T18:20:29.459618] 高工储能: 第3次请求失败: HTTP Error 503: Service Temporarily Unavailable
  [2026-03-19T18:20:29.459726] 高工储能: 无法获取页面内容
  [2026-03-19T18:20:29.943667] OFweek储能: 数据量不足: 仅获取0条, 期望5条
