爬虫执行日志
时间: 2026-03-12 08:01:43.208173
总计获取: 195 条
来源: 储能中国网, 中关村储能联盟, 中国储能网, 北极星储能网

来源详情:
  北极星储能网: 92 条
  储能中国网: 12 条
  中关村储能联盟: 6 条
  江苏省储能行业协会: 0 条
  北极星光伏网: 0 条
  高工储能: 0 条
  OFweek储能: 0 条
  中国储能网: 85 条

错误记录 (10条):
  [2026-03-12T08:01:28.922670] 江苏省储能行业协会: 数据量不足: 仅获取0条, 期望3条
  [2026-03-12T08:01:30.517894] 北极星光伏网: 第1次请求失败: HTTP Error 404: Not Found
  [2026-03-12T08:01:33.648300] 北极星光伏网: 第2次请求失败: HTTP Error 404: Not Found
  [2026-03-12T08:01:36.728812] 北极星光伏网: 第3次请求失败: HTTP Error 404: Not Found
  [2026-03-12T08:01:36.728891] 北极星光伏网: 无法获取页面内容
  [2026-03-12T08:01:37.057593] 高工储能: 第1次请求失败: HTTP Error 503: Service Temporarily Unavailable
  [2026-03-12T08:01:38.245123] 高工储能: 第2次请求失败: HTTP Error 503: Service Temporarily Unavailable
  [2026-03-12T08:01:40.448385] 高工储能: 第3次请求失败: HTTP Error 503: Service Temporarily Unavailable
  [2026-03-12T08:01:40.448493] 高工储能: 无法获取页面内容
  [2026-03-12T08:01:40.940244] OFweek储能: 数据量不足: 仅获取0条, 期望5条
