爬虫执行日志
时间: 2026-03-13 18:01:26.094735
总计获取: 193 条
来源: 中国储能网, 中关村储能联盟, 北极星储能网, 储能中国网

来源详情:
  北极星储能网: 92 条
  储能中国网: 12 条
  中关村储能联盟: 6 条
  江苏省储能行业协会: 0 条
  北极星光伏网: 0 条
  高工储能: 0 条
  OFweek储能: 0 条
  中国储能网: 83 条

错误记录 (7条):
  [2026-03-13T18:01:16.688063] 江苏省储能行业协会: 数据量不足: 仅获取0条, 期望3条
  [2026-03-13T18:01:17.142854] 北极星光伏网: 数据量不足: 仅获取0条, 期望5条
  [2026-03-13T18:01:19.814616] 高工储能: 第1次请求失败: HTTP Error 503: Service Temporarily Unavailable
  [2026-03-13T18:01:21.000442] 高工储能: 第2次请求失败: HTTP Error 503: Service Temporarily Unavailable
  [2026-03-13T18:01:23.373494] 高工储能: 第3次请求失败: HTTP Error 503: Service Temporarily Unavailable
  [2026-03-13T18:01:23.373603] 高工储能: 无法获取页面内容
  [2026-03-13T18:01:23.830688] OFweek储能: 数据量不足: 仅获取0条, 期望5条
