爬虫执行日志
时间: 2026-03-16 18:20:23.526060
总计获取: 187 条
来源: 储能中国网, 中关村储能联盟, 北极星储能网, 中国储能网

来源详情:
  北极星储能网: 86 条
  储能中国网: 12 条
  中关村储能联盟: 6 条
  江苏省储能行业协会: 0 条
  北极星光伏网: 0 条
  高工储能: 0 条
  OFweek储能: 0 条
  中国储能网: 83 条

错误记录 (7条):
  [2026-03-16T18:20:14.137927] 江苏省储能行业协会: 数据量不足: 仅获取0条, 期望3条
  [2026-03-16T18:20:14.166199] 北极星光伏网: 数据量不足: 仅获取0条, 期望5条
  [2026-03-16T18:20:17.129099] 高工储能: 第1次请求失败: HTTP Error 503: Service Temporarily Unavailable
  [2026-03-16T18:20:18.316015] 高工储能: 第2次请求失败: HTTP Error 503: Service Temporarily Unavailable
  [2026-03-16T18:20:20.556361] 高工储能: 第3次请求失败: HTTP Error 503: Service Temporarily Unavailable
  [2026-03-16T18:20:20.556483] 高工储能: 无法获取页面内容
  [2026-03-16T18:20:21.052488] OFweek储能: 数据量不足: 仅获取0条, 期望5条
