爬虫执行日志
时间: 2026-03-28 00:06:19.746093
总计获取: 196 条
来源: 北极星储能网, 储能中国网, 中国储能网, 中关村储能联盟

来源详情:
  北极星储能网: 94 条
  储能中国网: 12 条
  中关村储能联盟: 6 条
  江苏省储能行业协会: 0 条
  北极星光伏网: 0 条
  高工储能: 0 条
  OFweek储能: 0 条
  中国储能网: 84 条

错误记录 (7条):
  [2026-03-28T00:06:11.745871] 江苏省储能行业协会: 数据量不足: 仅获取0条, 期望3条
  [2026-03-28T00:06:11.778828] 北极星光伏网: 数据量不足: 仅获取0条, 期望5条
  [2026-03-28T00:06:14.018384] 高工储能: 第1次请求失败: HTTP Error 503: Service Temporarily Unavailable
  [2026-03-28T00:06:15.226260] 高工储能: 第2次请求失败: HTTP Error 503: Service Temporarily Unavailable
  [2026-03-28T00:06:17.463334] 高工储能: 第3次请求失败: HTTP Error 503: Service Temporarily Unavailable
  [2026-03-28T00:06:17.463456] 高工储能: 无法获取页面内容
  [2026-03-28T00:06:18.233318] OFweek储能: 数据量不足: 仅获取0条, 期望5条
