爬虫执行日志
时间: 2026-03-18 04:03:28.144024
总计获取: 190 条
来源: 北极星储能网, 中国储能网, 中关村储能联盟, 储能中国网

来源详情:
  北极星储能网: 88 条
  储能中国网: 12 条
  中关村储能联盟: 6 条
  江苏省储能行业协会: 0 条
  北极星光伏网: 0 条
  高工储能: 0 条
  OFweek储能: 0 条
  中国储能网: 84 条

错误记录 (10条):
  [2026-03-18T04:03:14.406912] 江苏省储能行业协会: 数据量不足: 仅获取0条, 期望3条
  [2026-03-18T04:03:15.481581] 北极星光伏网: 第1次请求失败: HTTP Error 404: Not Found
  [2026-03-18T04:03:18.578523] 北极星光伏网: 第2次请求失败: HTTP Error 404: Not Found
  [2026-03-18T04:03:21.701343] 北极星光伏网: 第3次请求失败: HTTP Error 404: Not Found
  [2026-03-18T04:03:21.701444] 北极星光伏网: 无法获取页面内容
  [2026-03-18T04:03:22.050154] 高工储能: 第1次请求失败: HTTP Error 503: Service Temporarily Unavailable
  [2026-03-18T04:03:23.384491] 高工储能: 第2次请求失败: HTTP Error 503: Service Temporarily Unavailable
  [2026-03-18T04:03:25.585594] 高工储能: 第3次请求失败: HTTP Error 503: Service Temporarily Unavailable
  [2026-03-18T04:03:25.585698] 高工储能: 无法获取页面内容
  [2026-03-18T04:03:26.011673] OFweek储能: 数据量不足: 仅获取0条, 期望5条
