爬虫执行日志
时间: 2026-03-23 00:07:19.713366
总计获取: 201 条
来源: 中国储能网, 储能中国网, 北极星储能网, 中关村储能联盟

来源详情:
  北极星储能网: 96 条
  储能中国网: 15 条
  中关村储能联盟: 6 条
  江苏省储能行业协会: 0 条
  北极星光伏网: 0 条
  高工储能: 0 条
  OFweek储能: 0 条
  中国储能网: 84 条

错误记录 (10条):
  [2026-03-23T00:07:06.901166] 江苏省储能行业协会: 数据量不足: 仅获取0条, 期望3条
  [2026-03-23T00:07:08.456227] 北极星光伏网: 第1次请求失败: HTTP Error 404: Not Found
  [2026-03-23T00:07:10.561273] 北极星光伏网: 第2次请求失败: HTTP Error 404: Not Found
  [2026-03-23T00:07:13.632103] 北极星光伏网: 第3次请求失败: HTTP Error 404: Not Found
  [2026-03-23T00:07:13.632176] 北极星光伏网: 无法获取页面内容
  [2026-03-23T00:07:13.840549] 高工储能: 第1次请求失败: HTTP Error 503: Service Temporarily Unavailable
  [2026-03-23T00:07:15.031283] 高工储能: 第2次请求失败: HTTP Error 503: Service Temporarily Unavailable
  [2026-03-23T00:07:17.214799] 高工储能: 第3次请求失败: HTTP Error 503: Service Temporarily Unavailable
  [2026-03-23T00:07:17.214897] 高工储能: 无法获取页面内容
  [2026-03-23T00:07:17.809638] OFweek储能: 数据量不足: 仅获取0条, 期望5条
