爬虫执行日志
时间: 2026-03-20 00:04:37.658395
总计获取: 196 条
来源: 中国储能网, 储能中国网, 北极星储能网, 中关村储能联盟

来源详情:
  北极星储能网: 92 条
  储能中国网: 15 条
  中关村储能联盟: 6 条
  江苏省储能行业协会: 0 条
  北极星光伏网: 0 条
  高工储能: 0 条
  OFweek储能: 0 条
  中国储能网: 83 条

错误记录 (10条):
  [2026-03-20T00:04:23.527415] 江苏省储能行业协会: 数据量不足: 仅获取0条, 期望3条
  [2026-03-20T00:04:25.525495] 北极星光伏网: 第1次请求失败: HTTP Error 404: Not Found
  [2026-03-20T00:04:27.626886] 北极星光伏网: 第2次请求失败: HTTP Error 404: Not Found
  [2026-03-20T00:04:31.769641] 北极星光伏网: 第3次请求失败: HTTP Error 404: Not Found
  [2026-03-20T00:04:31.769758] 北极星光伏网: 无法获取页面内容
  [2026-03-20T00:04:32.018363] 高工储能: 第1次请求失败: HTTP Error 503: Service Temporarily Unavailable
  [2026-03-20T00:04:33.259563] 高工储能: 第2次请求失败: HTTP Error 503: Service Temporarily Unavailable
  [2026-03-20T00:04:35.484910] 高工储能: 第3次请求失败: HTTP Error 503: Service Temporarily Unavailable
  [2026-03-20T00:04:35.485018] 高工储能: 无法获取页面内容
  [2026-03-20T00:04:35.995285] OFweek储能: 数据量不足: 仅获取0条, 期望5条
