爬虫执行日志
时间: 2026-03-19 16:01:58.374814
总计获取: 195 条
来源: 储能中国网, 中国储能网, 北极星储能网, 中关村储能联盟

来源详情:
  北极星储能网: 91 条
  储能中国网: 15 条
  中关村储能联盟: 6 条
  江苏省储能行业协会: 0 条
  北极星光伏网: 0 条
  高工储能: 0 条
  OFweek储能: 0 条
  中国储能网: 83 条

错误记录 (10条):
  [2026-03-19T16:01:43.204135] 江苏省储能行业协会: 数据量不足: 仅获取0条, 期望3条
  [2026-03-19T16:01:45.125699] 北极星光伏网: 第1次请求失败: HTTP Error 404: Not Found
  [2026-03-19T16:01:47.221295] 北极星光伏网: 第2次请求失败: HTTP Error 404: Not Found
  [2026-03-19T16:01:50.304615] 北极星光伏网: 第3次请求失败: HTTP Error 404: Not Found
  [2026-03-19T16:01:50.304703] 北极星光伏网: 无法获取页面内容
  [2026-03-19T16:01:52.375129] 高工储能: 第1次请求失败: HTTP Error 503: Service Temporarily Unavailable
  [2026-03-19T16:01:53.573229] 高工储能: 第2次请求失败: HTTP Error 503: Service Temporarily Unavailable
  [2026-03-19T16:01:55.792982] 高工储能: 第3次请求失败: HTTP Error 503: Service Temporarily Unavailable
  [2026-03-19T16:01:55.793094] 高工储能: 无法获取页面内容
  [2026-03-19T16:01:56.420760] OFweek储能: 数据量不足: 仅获取0条, 期望5条
