爬虫执行日志
时间: 2026-03-24 00:41:57.311549
总计获取: 200 条
来源: 储能中国网, 中关村储能联盟, 北极星储能网, 中国储能网

来源详情:
  北极星储能网: 96 条
  储能中国网: 15 条
  中关村储能联盟: 6 条
  江苏省储能行业协会: 0 条
  北极星光伏网: 0 条
  高工储能: 0 条
  OFweek储能: 0 条
  中国储能网: 83 条

错误记录 (10条):
  [2026-03-24T00:41:44.703453] 江苏省储能行业协会: 数据量不足: 仅获取0条, 期望3条
  [2026-03-24T00:41:46.275880] 北极星光伏网: 第1次请求失败: HTTP Error 404: Not Found
  [2026-03-24T00:41:48.382703] 北极星光伏网: 第2次请求失败: HTTP Error 404: Not Found
  [2026-03-24T00:41:51.446468] 北极星光伏网: 第3次请求失败: HTTP Error 404: Not Found
  [2026-03-24T00:41:51.446584] 北极星光伏网: 无法获取页面内容
  [2026-03-24T00:41:51.664154] 高工储能: 第1次请求失败: HTTP Error 503: Service Temporarily Unavailable
  [2026-03-24T00:41:52.866547] 高工储能: 第2次请求失败: HTTP Error 503: Service Temporarily Unavailable
  [2026-03-24T00:41:55.047025] 高工储能: 第3次请求失败: HTTP Error 503: Service Temporarily Unavailable
  [2026-03-24T00:41:55.047127] 高工储能: 无法获取页面内容
  [2026-03-24T00:41:55.487448] OFweek储能: 数据量不足: 仅获取0条, 期望5条
