爬虫执行日志
时间: 2026-03-12 04:08:11.574398
总计获取: 195 条
来源: 储能中国网, 中国储能网, 北极星储能网, 中关村储能联盟

来源详情:
  北极星储能网: 92 条
  储能中国网: 12 条
  中关村储能联盟: 6 条
  江苏省储能行业协会: 0 条
  北极星光伏网: 0 条
  高工储能: 0 条
  OFweek储能: 0 条
  中国储能网: 85 条

错误记录 (10条):
  [2026-03-12T04:07:56.537934] 江苏省储能行业协会: 数据量不足: 仅获取0条, 期望3条
  [2026-03-12T04:07:58.619743] 北极星光伏网: 第1次请求失败: HTTP Error 404: Not Found
  [2026-03-12T04:08:00.752686] 北极星光伏网: 第2次请求失败: HTTP Error 404: Not Found
  [2026-03-12T04:08:04.833547] 北极星光伏网: 第3次请求失败: HTTP Error 404: Not Found
  [2026-03-12T04:08:04.833626] 北极星光伏网: 无法获取页面内容
  [2026-03-12T04:08:05.038460] 高工储能: 第1次请求失败: HTTP Error 503: Service Temporarily Unavailable
  [2026-03-12T04:08:06.250471] 高工储能: 第2次请求失败: HTTP Error 503: Service Temporarily Unavailable
  [2026-03-12T04:08:08.480485] 高工储能: 第3次请求失败: HTTP Error 503: Service Temporarily Unavailable
  [2026-03-12T04:08:08.480588] 高工储能: 无法获取页面内容
  [2026-03-12T04:08:09.024442] OFweek储能: 数据量不足: 仅获取0条, 期望5条
