爬虫执行日志
时间: 2026-03-21 12:03:40.997919
总计获取: 202 条
来源: 中国储能网, 中关村储能联盟, 储能中国网, 北极星储能网

来源详情:
  北极星储能网: 96 条
  储能中国网: 16 条
  中关村储能联盟: 6 条
  江苏省储能行业协会: 0 条
  北极星光伏网: 0 条
  高工储能: 0 条
  OFweek储能: 0 条
  中国储能网: 84 条

错误记录 (10条):
  [2026-03-21T12:03:24.615095] 江苏省储能行业协会: 数据量不足: 仅获取0条, 期望3条
  [2026-03-21T12:03:27.703608] 北极星光伏网: 第1次请求失败: HTTP Error 404: Not Found
  [2026-03-21T12:03:30.784791] 北极星光伏网: 第2次请求失败: HTTP Error 404: Not Found
  [2026-03-21T12:03:34.900922] 北极星光伏网: 第3次请求失败: HTTP Error 404: Not Found
  [2026-03-21T12:03:34.901002] 北极星光伏网: 无法获取页面内容
  [2026-03-21T12:03:35.110030] 高工储能: 第1次请求失败: HTTP Error 503: Service Temporarily Unavailable
  [2026-03-21T12:03:36.338929] 高工储能: 第2次请求失败: HTTP Error 503: Service Temporarily Unavailable
  [2026-03-21T12:03:38.559605] 高工储能: 第3次请求失败: HTTP Error 503: Service Temporarily Unavailable
  [2026-03-21T12:03:38.559717] 高工储能: 无法获取页面内容
  [2026-03-21T12:03:38.981180] OFweek储能: 数据量不足: 仅获取0条, 期望5条
