爬虫执行日志
时间: 2026-03-12 00:03:58.788595
总计获取: 195 条
来源: 中国储能网, 中关村储能联盟, 储能中国网, 北极星储能网

来源详情:
  北极星储能网: 92 条
  储能中国网: 12 条
  中关村储能联盟: 6 条
  江苏省储能行业协会: 0 条
  北极星光伏网: 0 条
  高工储能: 0 条
  OFweek储能: 0 条
  中国储能网: 85 条

错误记录 (10条):
  [2026-03-12T00:03:46.139944] 江苏省储能行业协会: 数据量不足: 仅获取0条, 期望3条
  [2026-03-12T00:03:47.225461] 北极星光伏网: 第1次请求失败: HTTP Error 404: Not Found
  [2026-03-12T00:03:49.300028] 北极星光伏网: 第2次请求失败: HTTP Error 404: Not Found
  [2026-03-12T00:03:52.431898] 北极星光伏网: 第3次请求失败: HTTP Error 404: Not Found
  [2026-03-12T00:03:52.431983] 北极星光伏网: 无法获取页面内容
  [2026-03-12T00:03:52.641052] 高工储能: 第1次请求失败: HTTP Error 503: Service Temporarily Unavailable
  [2026-03-12T00:03:53.884188] 高工储能: 第2次请求失败: HTTP Error 503: Service Temporarily Unavailable
  [2026-03-12T00:03:56.123044] 高工储能: 第3次请求失败: HTTP Error 503: Service Temporarily Unavailable
  [2026-03-12T00:03:56.123156] 高工储能: 无法获取页面内容
  [2026-03-12T00:03:56.625599] OFweek储能: 数据量不足: 仅获取0条, 期望5条
