爬虫执行日志
时间: 2026-03-18 12:02:28.611053
总计获取: 195 条
来源: 中国储能网, 北极星储能网, 储能中国网, 中关村储能联盟

来源详情:
  北极星储能网: 93 条
  储能中国网: 13 条
  中关村储能联盟: 6 条
  江苏省储能行业协会: 0 条
  北极星光伏网: 0 条
  高工储能: 0 条
  OFweek储能: 0 条
  中国储能网: 83 条

错误记录 (10条):
  [2026-03-18T12:02:15.758813] 江苏省储能行业协会: 数据量不足: 仅获取0条, 期望3条
  [2026-03-18T12:02:16.860933] 北极星光伏网: 第1次请求失败: HTTP Error 404: Not Found
  [2026-03-18T12:02:18.970533] 北极星光伏网: 第2次请求失败: HTTP Error 404: Not Found
  [2026-03-18T12:02:22.048827] 北极星光伏网: 第3次请求失败: HTTP Error 404: Not Found
  [2026-03-18T12:02:22.048906] 北极星光伏网: 无法获取页面内容
  [2026-03-18T12:02:22.258062] 高工储能: 第1次请求失败: HTTP Error 503: Service Temporarily Unavailable
  [2026-03-18T12:02:23.477610] 高工储能: 第2次请求失败: HTTP Error 503: Service Temporarily Unavailable
  [2026-03-18T12:02:25.697247] 高工储能: 第3次请求失败: HTTP Error 503: Service Temporarily Unavailable
  [2026-03-18T12:02:25.697352] 高工储能: 无法获取页面内容
  [2026-03-18T12:02:26.168059] OFweek储能: 数据量不足: 仅获取0条, 期望5条
