爬虫执行日志
时间: 2026-03-19 20:03:33.079482
总计获取: 196 条
来源: 北极星储能网, 中国储能网, 中关村储能联盟, 储能中国网

来源详情:
  北极星储能网: 92 条
  储能中国网: 15 条
  中关村储能联盟: 6 条
  江苏省储能行业协会: 0 条
  北极星光伏网: 0 条
  高工储能: 0 条
  OFweek储能: 0 条
  中国储能网: 83 条

错误记录 (10条):
  [2026-03-19T20:03:20.898466] 江苏省储能行业协会: 数据量不足: 仅获取0条, 期望3条
  [2026-03-19T20:03:22.012041] 北极星光伏网: 第1次请求失败: HTTP Error 404: Not Found
  [2026-03-19T20:03:24.127292] 北极星光伏网: 第2次请求失败: HTTP Error 404: Not Found
  [2026-03-19T20:03:27.195989] 北极星光伏网: 第3次请求失败: HTTP Error 404: Not Found
  [2026-03-19T20:03:27.196075] 北极星光伏网: 无法获取页面内容
  [2026-03-19T20:03:27.430709] 高工储能: 第1次请求失败: HTTP Error 503: Service Temporarily Unavailable
  [2026-03-19T20:03:28.665987] 高工储能: 第2次请求失败: HTTP Error 503: Service Temporarily Unavailable
  [2026-03-19T20:03:30.870881] 高工储能: 第3次请求失败: HTTP Error 503: Service Temporarily Unavailable
  [2026-03-19T20:03:30.870985] 高工储能: 无法获取页面内容
  [2026-03-19T20:03:31.356711] OFweek储能: 数据量不足: 仅获取0条, 期望5条
