爬虫执行日志
时间: 2026-03-13 12:02:29.785898
总计获取: 196 条
来源: 储能中国网, 北极星储能网, 中关村储能联盟, 中国储能网

来源详情:
  北极星储能网: 93 条
  储能中国网: 12 条
  中关村储能联盟: 6 条
  江苏省储能行业协会: 0 条
  北极星光伏网: 0 条
  高工储能: 0 条
  OFweek储能: 0 条
  中国储能网: 85 条

错误记录 (7条):
  [2026-03-13T12:02:20.753419] 江苏省储能行业协会: 数据量不足: 仅获取0条, 期望3条
  [2026-03-13T12:02:20.917024] 北极星光伏网: 数据量不足: 仅获取0条, 期望5条
  [2026-03-13T12:02:23.799623] 高工储能: 第1次请求失败: HTTP Error 503: Service Temporarily Unavailable
  [2026-03-13T12:02:25.031940] 高工储能: 第2次请求失败: HTTP Error 503: Service Temporarily Unavailable
  [2026-03-13T12:02:27.223471] 高工储能: 第3次请求失败: HTTP Error 503: Service Temporarily Unavailable
  [2026-03-13T12:02:27.223573] 高工储能: 无法获取页面内容
  [2026-03-13T12:02:27.855039] OFweek储能: 数据量不足: 仅获取0条, 期望5条
