爬虫执行日志
时间: 2026-03-14 12:03:35.513510
总计获取: 193 条
来源: 中国储能网, 北极星储能网, 中关村储能联盟, 储能中国网

来源详情:
  北极星储能网: 92 条
  储能中国网: 12 条
  中关村储能联盟: 6 条
  江苏省储能行业协会: 0 条
  北极星光伏网: 0 条
  高工储能: 0 条
  OFweek储能: 0 条
  中国储能网: 83 条

错误记录 (7条):
  [2026-03-14T12:03:25.646775] 江苏省储能行业协会: 数据量不足: 仅获取0条, 期望3条
  [2026-03-14T12:03:26.105002] 北极星光伏网: 数据量不足: 仅获取0条, 期望5条
  [2026-03-14T12:03:29.248908] 高工储能: 第1次请求失败: HTTP Error 503: Service Temporarily Unavailable
  [2026-03-14T12:03:30.464975] 高工储能: 第2次请求失败: HTTP Error 503: Service Temporarily Unavailable
  [2026-03-14T12:03:32.679151] 高工储能: 第3次请求失败: HTTP Error 503: Service Temporarily Unavailable
  [2026-03-14T12:03:32.679254] 高工储能: 无法获取页面内容
  [2026-03-14T12:03:33.149696] OFweek储能: 数据量不足: 仅获取0条, 期望5条
