爬虫执行日志
时间: 2026-03-17 00:03:46.920153
总计获取: 188 条
来源: 中关村储能联盟, 中国储能网, 北极星储能网, 储能中国网

来源详情:
  北极星储能网: 86 条
  储能中国网: 12 条
  中关村储能联盟: 6 条
  江苏省储能行业协会: 0 条
  北极星光伏网: 0 条
  高工储能: 0 条
  OFweek储能: 0 条
  中国储能网: 84 条

错误记录 (8条):
  [2026-03-17T00:03:12.751349] 江苏省储能行业协会: 数据量不足: 仅获取0条, 期望3条
  [2026-03-17T00:03:12.784797] 北极星光伏网: 数据量不足: 仅获取0条, 期望5条
  [2026-03-17T00:03:15.205076] 高工储能: 第1次请求失败: HTTP Error 503: Service Temporarily Unavailable
  [2026-03-17T00:03:16.410789] 高工储能: 第2次请求失败: HTTP Error 503: Service Temporarily Unavailable
  [2026-03-17T00:03:18.638571] 高工储能: 第3次请求失败: HTTP Error 503: Service Temporarily Unavailable
  [2026-03-17T00:03:18.638669] 高工储能: 无法获取页面内容
  [2026-03-17T00:03:19.097162] OFweek储能: 数据量不足: 仅获取0条, 期望5条
  [2026-03-17T00:03:36.513475] 中国储能网: 第1次请求失败: The read operation timed out
