爬虫执行日志
时间: 2026-03-15 12:03:40.153205
总计获取: 193 条
来源: 中关村储能联盟, 储能中国网, 中国储能网, 北极星储能网

来源详情:
  北极星储能网: 92 条
  储能中国网: 12 条
  中关村储能联盟: 6 条
  江苏省储能行业协会: 0 条
  北极星光伏网: 0 条
  高工储能: 0 条
  OFweek储能: 0 条
  中国储能网: 83 条

错误记录 (7条):
  [2026-03-15T12:03:30.710605] 江苏省储能行业协会: 数据量不足: 仅获取0条, 期望3条
  [2026-03-15T12:03:30.757756] 北极星光伏网: 数据量不足: 仅获取0条, 期望5条
  [2026-03-15T12:03:33.782557] 高工储能: 第1次请求失败: HTTP Error 503: Service Temporarily Unavailable
  [2026-03-15T12:03:34.989702] 高工储能: 第2次请求失败: HTTP Error 503: Service Temporarily Unavailable
  [2026-03-15T12:03:37.189778] 高工储能: 第3次请求失败: HTTP Error 503: Service Temporarily Unavailable
  [2026-03-15T12:03:37.189879] 高工储能: 无法获取页面内容
  [2026-03-15T12:03:37.962574] OFweek储能: 数据量不足: 仅获取0条, 期望5条
