爬虫执行日志
时间: 2026-03-23 20:06:26.131255
总计获取: 200 条
来源: 中关村储能联盟, 储能中国网, 中国储能网, 北极星储能网

来源详情:
  北极星储能网: 96 条
  储能中国网: 15 条
  中关村储能联盟: 6 条
  江苏省储能行业协会: 0 条
  北极星光伏网: 0 条
  高工储能: 0 条
  OFweek储能: 0 条
  中国储能网: 83 条

错误记录 (10条):
  [2026-03-23T20:06:11.084934] 江苏省储能行业协会: 数据量不足: 仅获取0条, 期望3条
  [2026-03-23T20:06:12.184857] 北极星光伏网: 第1次请求失败: HTTP Error 404: Not Found
  [2026-03-23T20:06:15.280286] 北极星光伏网: 第2次请求失败: HTTP Error 404: Not Found
  [2026-03-23T20:06:19.355946] 北极星光伏网: 第3次请求失败: HTTP Error 404: Not Found
  [2026-03-23T20:06:19.356028] 北极星光伏网: 无法获取页面内容
  [2026-03-23T20:06:19.629750] 高工储能: 第1次请求失败: HTTP Error 503: Service Temporarily Unavailable
  [2026-03-23T20:06:20.852919] 高工储能: 第2次请求失败: HTTP Error 503: Service Temporarily Unavailable
  [2026-03-23T20:06:23.073507] 高工储能: 第3次请求失败: HTTP Error 503: Service Temporarily Unavailable
  [2026-03-23T20:06:23.073617] 高工储能: 无法获取页面内容
  [2026-03-23T20:06:23.499349] OFweek储能: 数据量不足: 仅获取0条, 期望5条
