爬虫执行日志
时间: 2026-03-17 16:03:25.022467
总计获取: 190 条
来源: 中关村储能联盟, 北极星储能网, 中国储能网, 储能中国网

来源详情:
  北极星储能网: 87 条
  储能中国网: 13 条
  中关村储能联盟: 6 条
  江苏省储能行业协会: 0 条
  北极星光伏网: 0 条
  高工储能: 0 条
  OFweek储能: 0 条
  中国储能网: 84 条

错误记录 (7条):
  [2026-03-17T16:03:15.633863] 江苏省储能行业协会: 数据量不足: 仅获取0条, 期望3条
  [2026-03-17T16:03:15.738486] 北极星光伏网: 数据量不足: 仅获取0条, 期望5条
  [2026-03-17T16:03:18.757989] 高工储能: 第1次请求失败: HTTP Error 503: Service Temporarily Unavailable
  [2026-03-17T16:03:19.965200] 高工储能: 第2次请求失败: HTTP Error 503: Service Temporarily Unavailable
  [2026-03-17T16:03:22.184998] 高工储能: 第3次请求失败: HTTP Error 503: Service Temporarily Unavailable
  [2026-03-17T16:03:22.185106] 高工储能: 无法获取页面内容
  [2026-03-17T16:03:22.742969] OFweek储能: 数据量不足: 仅获取0条, 期望5条
