爬虫执行日志
时间: 2026-03-21 16:04:32.975869
总计获取: 202 条
来源: 储能中国网, 中关村储能联盟, 中国储能网, 北极星储能网

来源详情:
  北极星储能网: 96 条
  储能中国网: 16 条
  中关村储能联盟: 6 条
  江苏省储能行业协会: 0 条
  北极星光伏网: 0 条
  高工储能: 0 条
  OFweek储能: 0 条
  中国储能网: 84 条

错误记录 (10条):
  [2026-03-21T16:04:20.380779] 江苏省储能行业协会: 数据量不足: 仅获取0条, 期望3条
  [2026-03-21T16:04:21.460144] 北极星光伏网: 第1次请求失败: HTTP Error 404: Not Found
  [2026-03-21T16:04:23.513641] 北极星光伏网: 第2次请求失败: HTTP Error 404: Not Found
  [2026-03-21T16:04:26.586947] 北极星光伏网: 第3次请求失败: HTTP Error 404: Not Found
  [2026-03-21T16:04:26.587035] 北极星光伏网: 无法获取页面内容
  [2026-03-21T16:04:26.776612] 高工储能: 第1次请求失败: HTTP Error 503: Service Temporarily Unavailable
  [2026-03-21T16:04:28.003778] 高工储能: 第2次请求失败: HTTP Error 503: Service Temporarily Unavailable
  [2026-03-21T16:04:30.197492] 高工储能: 第3次请求失败: HTTP Error 503: Service Temporarily Unavailable
  [2026-03-21T16:04:30.197599] 高工储能: 无法获取页面内容
  [2026-03-21T16:04:30.719588] OFweek储能: 数据量不足: 仅获取0条, 期望5条
