爬虫执行日志
时间: 2026-03-24 00:13:15.892906
总计获取: 200 条
来源: 中国储能网, 中关村储能联盟, 北极星储能网, 储能中国网

来源详情:
  北极星储能网: 96 条
  储能中国网: 15 条
  中关村储能联盟: 6 条
  江苏省储能行业协会: 0 条
  北极星光伏网: 0 条
  高工储能: 0 条
  OFweek储能: 0 条
  中国储能网: 83 条

错误记录 (10条):
  [2026-03-24T00:13:02.992253] 江苏省储能行业协会: 数据量不足: 仅获取0条, 期望3条
  [2026-03-24T00:13:04.093252] 北极星光伏网: 第1次请求失败: HTTP Error 404: Not Found
  [2026-03-24T00:13:06.223333] 北极星光伏网: 第2次请求失败: HTTP Error 404: Not Found
  [2026-03-24T00:13:09.286976] 北极星光伏网: 第3次请求失败: HTTP Error 404: Not Found
  [2026-03-24T00:13:09.287070] 北极星光伏网: 无法获取页面内容
  [2026-03-24T00:13:09.529783] 高工储能: 第1次请求失败: HTTP Error 503: Service Temporarily Unavailable
  [2026-03-24T00:13:10.746398] 高工储能: 第2次请求失败: HTTP Error 503: Service Temporarily Unavailable
  [2026-03-24T00:13:12.945631] 高工储能: 第3次请求失败: HTTP Error 503: Service Temporarily Unavailable
  [2026-03-24T00:13:12.945734] 高工储能: 无法获取页面内容
  [2026-03-24T00:13:13.423525] OFweek储能: 数据量不足: 仅获取0条, 期望5条
