爬虫执行日志
时间: 2026-03-07 18:24:21.829459
总计获取: 196 条
来源: 中关村储能联盟, 北极星储能网, 储能中国网, 中国储能网

来源详情:
  北极星储能网: 93 条
  储能中国网: 12 条
  中关村储能联盟: 6 条
  江苏省储能行业协会: 0 条
  北极星光伏网: 0 条
  高工储能: 0 条
  OFweek储能: 0 条
  中国储能网: 85 条

错误记录 (10条):
  [2026-03-07T18:24:09.672084] 江苏省储能行业协会: 数据量不足: 仅获取0条, 期望3条
  [2026-03-07T18:24:10.779662] 北极星光伏网: 第1次请求失败: HTTP Error 404: Not Found
  [2026-03-07T18:24:12.899895] 北极星光伏网: 第2次请求失败: HTTP Error 404: Not Found
  [2026-03-07T18:24:15.958836] 北极星光伏网: 第3次请求失败: HTTP Error 404: Not Found
  [2026-03-07T18:24:15.958918] 北极星光伏网: 无法获取页面内容
  [2026-03-07T18:24:16.178522] 高工储能: 第1次请求失败: HTTP Error 503: Service Temporarily Unavailable
  [2026-03-07T18:24:17.447089] 高工储能: 第2次请求失败: HTTP Error 503: Service Temporarily Unavailable
  [2026-03-07T18:24:19.644419] 高工储能: 第3次请求失败: HTTP Error 503: Service Temporarily Unavailable
  [2026-03-07T18:24:19.644530] 高工储能: 无法获取页面内容
  [2026-03-07T18:24:20.407929] OFweek储能: 数据量不足: 仅获取0条, 期望5条
