爬虫执行日志
时间: 2026-03-10 12:00:36.449056
总计获取: 191 条
来源: 储能中国网, 中国储能网, 北极星储能网, 中关村储能联盟

来源详情:
  北极星储能网: 88 条
  储能中国网: 12 条
  中关村储能联盟: 6 条
  江苏省储能行业协会: 0 条
  北极星光伏网: 0 条
  高工储能: 0 条
  OFweek储能: 0 条
  中国储能网: 85 条

错误记录 (10条):
  [2026-03-10T12:00:23.523358] 江苏省储能行业协会: 数据量不足: 仅获取0条, 期望3条
  [2026-03-10T12:00:24.931469] 北极星光伏网: 第1次请求失败: HTTP Error 404: Not Found
  [2026-03-10T12:00:27.063823] 北极星光伏网: 第2次请求失败: HTTP Error 404: Not Found
  [2026-03-10T12:00:30.173155] 北极星光伏网: 第3次请求失败: HTTP Error 404: Not Found
  [2026-03-10T12:00:30.173247] 北极星光伏网: 无法获取页面内容
  [2026-03-10T12:00:30.379901] 高工储能: 第1次请求失败: HTTP Error 503: Service Temporarily Unavailable
  [2026-03-10T12:00:31.604996] 高工储能: 第2次请求失败: HTTP Error 503: Service Temporarily Unavailable
  [2026-03-10T12:00:33.790918] 高工储能: 第3次请求失败: HTTP Error 503: Service Temporarily Unavailable
  [2026-03-10T12:00:33.791008] 高工储能: 无法获取页面内容
  [2026-03-10T12:00:34.252676] OFweek储能: 数据量不足: 仅获取0条, 期望5条
