爬虫执行日志
时间: 2026-03-11 12:05:21.903135
总计获取: 192 条
来源: 中国储能网, 储能中国网, 中关村储能联盟, 北极星储能网

来源详情:
  北极星储能网: 90 条
  储能中国网: 12 条
  中关村储能联盟: 6 条
  江苏省储能行业协会: 0 条
  北极星光伏网: 0 条
  高工储能: 0 条
  OFweek储能: 0 条
  中国储能网: 84 条

错误记录 (10条):
  [2026-03-11T12:05:09.005780] 江苏省储能行业协会: 数据量不足: 仅获取0条, 期望3条
  [2026-03-11T12:05:10.885210] 北极星光伏网: 第1次请求失败: HTTP Error 404: Not Found
  [2026-03-11T12:05:13.012152] 北极星光伏网: 第2次请求失败: HTTP Error 404: Not Found
  [2026-03-11T12:05:16.129282] 北极星光伏网: 第3次请求失败: HTTP Error 404: Not Found
  [2026-03-11T12:05:16.129379] 北极星光伏网: 无法获取页面内容
  [2026-03-11T12:05:16.340701] 高工储能: 第1次请求失败: HTTP Error 503: Service Temporarily Unavailable
  [2026-03-11T12:05:17.588906] 高工储能: 第2次请求失败: HTTP Error 503: Service Temporarily Unavailable
  [2026-03-11T12:05:19.817578] 高工储能: 第3次请求失败: HTTP Error 503: Service Temporarily Unavailable
  [2026-03-11T12:05:19.817690] 高工储能: 无法获取页面内容
  [2026-03-11T12:05:20.328655] OFweek储能: 数据量不足: 仅获取0条, 期望5条
