爬虫执行日志
时间: 2026-03-21 00:03:34.021994
总计获取: 201 条
来源: 北极星储能网, 中国储能网, 中关村储能联盟, 储能中国网

来源详情:
  北极星储能网: 96 条
  储能中国网: 15 条
  中关村储能联盟: 6 条
  江苏省储能行业协会: 0 条
  北极星光伏网: 0 条
  高工储能: 0 条
  OFweek储能: 0 条
  中国储能网: 84 条

错误记录 (10条):
  [2026-03-21T00:03:20.591695] 江苏省储能行业协会: 数据量不足: 仅获取0条, 期望3条
  [2026-03-21T00:03:21.683476] 北极星光伏网: 第1次请求失败: HTTP Error 404: Not Found
  [2026-03-21T00:03:24.760072] 北极星光伏网: 第2次请求失败: HTTP Error 404: Not Found
  [2026-03-21T00:03:27.836517] 北极星光伏网: 第3次请求失败: HTTP Error 404: Not Found
  [2026-03-21T00:03:27.836606] 北极星光伏网: 无法获取页面内容
  [2026-03-21T00:03:28.098181] 高工储能: 第1次请求失败: HTTP Error 503: Service Temporarily Unavailable
  [2026-03-21T00:03:29.340819] 高工储能: 第2次请求失败: HTTP Error 503: Service Temporarily Unavailable
  [2026-03-21T00:03:31.589498] 高工储能: 第3次请求失败: HTTP Error 503: Service Temporarily Unavailable
  [2026-03-21T00:03:31.589614] 高工储能: 无法获取页面内容
  [2026-03-21T00:03:31.981319] OFweek储能: 数据量不足: 仅获取0条, 期望5条
