爬虫执行日志
时间: 2026-03-12 16:06:45.596588
总计获取: 196 条
来源: 中国储能网, 中关村储能联盟, 储能中国网, 北极星储能网

来源详情:
  北极星储能网: 93 条
  储能中国网: 12 条
  中关村储能联盟: 6 条
  江苏省储能行业协会: 0 条
  北极星光伏网: 0 条
  高工储能: 0 条
  OFweek储能: 0 条
  中国储能网: 85 条

错误记录 (10条):
  [2026-03-12T16:06:32.841502] 江苏省储能行业协会: 数据量不足: 仅获取0条, 期望3条
  [2026-03-12T16:06:33.962169] 北极星光伏网: 第1次请求失败: HTTP Error 404: Not Found
  [2026-03-12T16:06:36.058148] 北极星光伏网: 第2次请求失败: HTTP Error 404: Not Found
  [2026-03-12T16:06:39.139531] 北极星光伏网: 第3次请求失败: HTTP Error 404: Not Found
  [2026-03-12T16:06:39.139620] 北极星光伏网: 无法获取页面内容
  [2026-03-12T16:06:39.334103] 高工储能: 第1次请求失败: HTTP Error 503: Service Temporarily Unavailable
  [2026-03-12T16:06:40.533909] 高工储能: 第2次请求失败: HTTP Error 503: Service Temporarily Unavailable
  [2026-03-12T16:06:42.884237] 高工储能: 第3次请求失败: HTTP Error 503: Service Temporarily Unavailable
  [2026-03-12T16:06:42.884365] 高工储能: 无法获取页面内容
  [2026-03-12T16:06:43.341345] OFweek储能: 数据量不足: 仅获取0条, 期望5条
