爬虫执行日志
时间: 2026-03-19 04:04:30.900982
总计获取: 200 条
来源: 中国储能网, 中关村储能联盟, 北极星储能网, 储能中国网

来源详情:
  北极星储能网: 95 条
  储能中国网: 15 条
  中关村储能联盟: 6 条
  江苏省储能行业协会: 0 条
  北极星光伏网: 0 条
  高工储能: 0 条
  OFweek储能: 0 条
  中国储能网: 84 条

错误记录 (10条):
  [2026-03-19T04:04:17.947788] 江苏省储能行业协会: 数据量不足: 仅获取0条, 期望3条
  [2026-03-19T04:04:19.036709] 北极星光伏网: 第1次请求失败: HTTP Error 404: Not Found
  [2026-03-19T04:04:21.147756] 北极星光伏网: 第2次请求失败: HTTP Error 404: Not Found
  [2026-03-19T04:04:24.212917] 北极星光伏网: 第3次请求失败: HTTP Error 404: Not Found
  [2026-03-19T04:04:24.212990] 北极星光伏网: 无法获取页面内容
  [2026-03-19T04:04:24.448142] 高工储能: 第1次请求失败: HTTP Error 503: Service Temporarily Unavailable
  [2026-03-19T04:04:25.705063] 高工储能: 第2次请求失败: HTTP Error 503: Service Temporarily Unavailable
  [2026-03-19T04:04:27.909699] 高工储能: 第3次请求失败: HTTP Error 503: Service Temporarily Unavailable
  [2026-03-19T04:04:27.909798] 高工储能: 无法获取页面内容
  [2026-03-19T04:04:28.341714] OFweek储能: 数据量不足: 仅获取0条, 期望5条
