[2026-03-22 13:28:13] ============================================================
[2026-03-22 13:28:13] 🔍 全局任务健康检查启动
[2026-03-22 13:28:13] ============================================================
[2026-03-22 13:28:15] 📋 发现 24 个定时任务
[2026-03-22 13:28:15] ⚠️ 任务异常: 邮件补发监控-日报 (连续错误: 1)
[2026-03-22 13:28:15] ⚠️ 任务异常: 每日日记自动保存 (连续错误: 7)
[2026-03-22 13:28:15]   🔧 尝试修复超时: 30s -> 60s
[2026-03-22 13:28:16] 📄 报告已保存: /root/.openclaw/workspace/logs/health_report_20260322_132816.txt
[2026-03-22 13:28:16] ============================================================
[2026-03-22 13:28:16] 健康检查完成
[2026-03-22 13:28:16] ============================================================
[2026-03-22 13:41:40] ============================================================
[2026-03-22 13:41:40] 🔍 全局任务健康检查启动
[2026-03-22 13:41:40] ============================================================
[2026-03-22 13:41:42] 📋 发现 25 个定时任务
[2026-03-22 13:41:42] ⚠️ 任务异常: 邮件补发监控-日报 (连续错误: 1)
[2026-03-22 13:41:42] ⚠️ 任务异常: 每日日记自动保存 (连续错误: 7)
[2026-03-22 13:41:42]   🔧 尝试修复超时: 30s -> 60s
[2026-03-22 13:41:43] 📄 报告已保存: /root/.openclaw/workspace/logs/health_report_20260322_134143.txt
[2026-03-22 13:41:44] ✅ 企业微信通知已发送
[2026-03-22 13:41:44] ============================================================
[2026-03-22 13:41:44] 健康检查完成
[2026-03-22 13:41:44] ============================================================
