[2026-03-11 20:15:42] ============================================================
[2026-03-11 20:15:42] 🔍 自愈系统检查开始
[2026-03-11 20:15:42] ⏰ 当前时间: 2026-03-11 20:15:42
[2026-03-11 20:15:42] ============================================================
[2026-03-11 20:15:42] ⚠️ 爬虫数据较旧，最新数据 8.2 小时前
[2026-03-11 20:15:42] 🔧 开始修复爬虫数据...
[2026-03-11 20:15:42] ▶️ 执行多站点爬虫: timeout 300 python3 crawler_multi_v2.py
[2026-03-11 20:16:00] ✅ 成功: 执行多站点爬虫
[2026-03-11 20:16:00] ✅ 爬虫数据修复成功
[2026-03-11 20:16:00] 📄 报告状态: 日报✅, 深度分析✅
[2026-03-11 20:16:00] ============================================================
[2026-03-11 20:16:00] 🔧 发现 1 个问题，修复 1 个
[2026-03-11 20:16:00] ============================================================
[2026-03-11 20:25:18] ============================================================
[2026-03-11 20:25:18] 🔍 自愈系统检查开始
[2026-03-11 20:25:18] ⏰ 当前时间: 2026-03-11 20:25:18
[2026-03-11 20:25:18] ============================================================
[2026-03-11 20:25:18] ✅ 爬虫数据正常: 775 条，最新 20:16
[2026-03-11 20:25:18] 📄 报告状态: 日报✅, 深度分析✅
[2026-03-11 20:25:18] ============================================================
[2026-03-11 20:25:18] ✅ 所有检查通过，系统状态正常
[2026-03-11 20:25:18] ============================================================
[2026-03-11 20:25:30] ============================================================
[2026-03-11 20:25:30] 🔍 自愈系统检查开始
[2026-03-11 20:25:30] ⏰ 当前时间: 2026-03-11 20:25:30
[2026-03-11 20:25:30] ============================================================
[2026-03-11 20:25:30] ✅ 爬虫数据正常: 775 条，最新 20:16
[2026-03-11 20:25:30] 📄 报告状态: 日报❌, 深度分析✅
[2026-03-11 20:25:30] 🔧 开始修复日报...
[2026-03-11 20:25:30] ▶️ 生成日报: python3 generate_report_enhanced.py
[2026-03-11 20:25:30] ✅ 成功: 生成日报
[2026-03-11 20:25:30] ▶️ 发送日报邮件: python3 send_email.py
[2026-03-11 20:25:31] ✅ 成功: 发送日报邮件
[2026-03-11 20:25:31] ✅ 日报修复并发送成功
[2026-03-11 20:25:32] ✅ 告警邮件已发送: 日报已自动修复并发送
[2026-03-11 20:25:32] ============================================================
[2026-03-11 20:25:32] 🔧 发现 1 个问题，修复 1 个
[2026-03-11 20:25:32] ============================================================
[2026-03-11 20:36:24] ============================================================
[2026-03-11 20:36:24] 🔍 自愈系统检查开始
[2026-03-11 20:36:24] ⏰ 当前时间: 2026-03-11 20:36:24
[2026-03-11 20:36:24] ============================================================
[2026-03-11 20:36:24] ✅ 爬虫数据正常: 775 条，最新 20:16
[2026-03-11 20:36:24] 📄 报告状态: 日报✅, 深度分析✅
[2026-03-11 20:36:24] ============================================================
[2026-03-11 20:36:24] ✅ 所有检查通过，系统状态正常
[2026-03-11 20:36:24] ============================================================
[2026-03-12 04:13:03] ============================================================
[2026-03-12 04:13:03] 🔍 自愈系统检查开始
[2026-03-12 04:13:03] ⏰ 当前时间: 2026-03-12 04:13:03
[2026-03-12 04:13:03] ============================================================
[2026-03-12 04:13:03] ✅ 爬虫数据正常: 585 条，最新 04:10
[2026-03-12 04:13:03] 📄 报告状态: 日报❌, 深度分析❌
[2026-03-12 04:13:03] 🔧 开始修复日报...
[2026-03-12 04:13:03] ▶️ 生成日报: python3 generate_report_enhanced.py
[2026-03-12 04:13:04] ✅ 成功: 生成日报
[2026-03-12 04:13:04] ▶️ 发送日报邮件: python3 send_email.py
[2026-03-12 04:13:05] ✅ 成功: 发送日报邮件
[2026-03-12 04:13:05] ✅ 日报修复并发送成功
[2026-03-12 04:13:06] ✅ 告警邮件已发送: 日报已自动修复并发送
[2026-03-12 04:13:06] 🔧 开始修复深度分析...
[2026-03-12 04:13:06] ▶️ 生成深度分析: python3 generate_deep_analysis.py
[2026-03-12 04:13:06] ✅ 成功: 生成深度分析
[2026-03-12 04:13:06] ▶️ 发送深度分析邮件: python3 send_email.py --deep
[2026-03-12 04:13:07] ✅ 成功: 发送深度分析邮件
[2026-03-12 04:13:07] ✅ 深度分析修复并发送成功
[2026-03-12 04:13:09] ✅ 告警邮件已发送: 深度分析已自动修复并发送
[2026-03-12 04:13:09] ============================================================
[2026-03-12 04:13:09] 🔧 发现 2 个问题，修复 2 个
[2026-03-12 04:13:09] ============================================================
[2026-03-12 04:13:14] ============================================================
[2026-03-12 04:13:14] 🔍 自愈系统检查开始
[2026-03-12 04:13:14] ⏰ 当前时间: 2026-03-12 04:13:14
[2026-03-12 04:13:14] ============================================================
[2026-03-12 04:13:14] ✅ 爬虫数据正常: 585 条，最新 04:10
[2026-03-12 04:13:14] 📄 报告状态: 日报✅, 深度分析✅
[2026-03-12 04:13:14] ============================================================
[2026-03-12 04:13:14] ✅ 所有检查通过，系统状态正常
[2026-03-12 04:13:14] ============================================================
[2026-03-12 04:15:20] ============================================================
[2026-03-12 04:15:20] 🔍 自愈系统检查开始
[2026-03-12 04:15:20] ⏰ 当前时间: 2026-03-12 04:15:20
[2026-03-12 04:15:20] ============================================================
[2026-03-12 04:15:20] ✅ 爬虫数据正常: 585 条，最新 04:10
[2026-03-12 04:15:20] 📄 报告状态: 日报✅, 深度分析✅
[2026-03-12 04:15:20] ============================================================
[2026-03-12 04:15:20] ✅ 所有检查通过，系统状态正常
[2026-03-12 04:15:20] ============================================================
[2026-03-12 08:01:03] ============================================================
[2026-03-12 08:01:03] 🔍 自愈系统检查开始
[2026-03-12 08:01:03] ⏰ 当前时间: 2026-03-12 08:01:03
[2026-03-12 08:01:03] ============================================================
[2026-03-12 08:01:03] ⚠️ 爬虫数据较旧，最新数据 3.9 小时前
[2026-03-12 08:01:03] 🔧 开始修复爬虫数据...
[2026-03-12 08:01:03] ▶️ 执行多站点爬虫: timeout 300 python3 crawler_multi_v2.py
[2026-03-12 08:01:19] ============================================================
[2026-03-12 08:01:19] 🔍 自愈系统检查开始
[2026-03-12 08:01:19] ⏰ 当前时间: 2026-03-12 08:01:19
[2026-03-12 08:01:19] ============================================================
[2026-03-12 08:01:19] ⚠️ 爬虫数据较旧，最新数据 3.9 小时前
[2026-03-12 08:01:19] 🔧 开始修复爬虫数据...
[2026-03-12 08:01:19] ▶️ 执行多站点爬虫: timeout 300 python3 crawler_multi_v2.py
[2026-03-12 08:01:25] ✅ 成功: 执行多站点爬虫
[2026-03-12 08:01:25] ✅ 爬虫数据修复成功
[2026-03-12 08:01:25] 📄 报告状态: 日报✅, 深度分析✅
[2026-03-12 08:01:25] ============================================================
[2026-03-12 08:01:25] 🔧 发现 1 个问题，修复 1 个
[2026-03-12 08:01:25] ============================================================
[2026-03-12 08:01:43] ✅ 成功: 执行多站点爬虫
[2026-03-12 08:01:43] ✅ 爬虫数据修复成功
[2026-03-12 08:01:43] 📄 报告状态: 日报✅, 深度分析✅
[2026-03-12 08:01:43] ============================================================
[2026-03-12 08:01:43] 🔧 发现 1 个问题，修复 1 个
[2026-03-12 08:01:43] ============================================================
[2026-03-12 16:06:23] ============================================================
[2026-03-12 16:06:23] 🔍 自愈系统检查开始
[2026-03-12 16:06:23] ⏰ 当前时间: 2026-03-12 16:06:23
[2026-03-12 16:06:23] ============================================================
[2026-03-12 16:06:23] ⚠️ 爬虫数据较旧，最新数据 8.1 小时前
[2026-03-12 16:06:23] 🔧 开始修复爬虫数据...
[2026-03-12 16:06:23] ▶️ 执行多站点爬虫: timeout 300 python3 crawler_multi_v2.py
[2026-03-12 16:06:45] ✅ 成功: 执行多站点爬虫
[2026-03-12 16:06:45] ✅ 爬虫数据修复成功
[2026-03-12 16:06:45] ⚠️ 日报较旧，11.9 小时前生成
[2026-03-12 16:06:45] ⚠️ 深度分析较旧，11.9 小时前生成
[2026-03-12 16:06:45] 📄 报告状态: 日报❌, 深度分析❌
[2026-03-12 16:06:45] 🔧 开始修复日报...
[2026-03-12 16:06:45] ▶️ 生成日报: python3 generate_report_enhanced.py
[2026-03-12 16:06:45] ✅ 成功: 生成日报
[2026-03-12 16:06:45] ▶️ 发送日报邮件: python3 send_email.py
[2026-03-12 16:06:47] ✅ 成功: 发送日报邮件
[2026-03-12 16:06:47] ✅ 日报修复并发送成功
[2026-03-12 16:06:48] ✅ 告警邮件已发送: 日报已自动修复并发送
[2026-03-12 16:06:48] 🔧 开始修复深度分析...
[2026-03-12 16:06:48] ▶️ 生成深度分析: python3 generate_deep_analysis.py
[2026-03-12 16:06:48] ✅ 成功: 生成深度分析
[2026-03-12 16:06:48] ▶️ 发送深度分析邮件: python3 send_email.py --deep
[2026-03-12 16:06:49] ✅ 成功: 发送深度分析邮件
[2026-03-12 16:06:49] ✅ 深度分析修复并发送成功
[2026-03-12 16:06:50] ✅ 告警邮件已发送: 深度分析已自动修复并发送
[2026-03-12 16:06:50] ============================================================
[2026-03-12 16:06:50] 🔧 发现 3 个问题，修复 3 个
[2026-03-12 16:06:50] ============================================================
[2026-03-13 12:05:04] ============================================================
[2026-03-13 12:05:04] 🔍 自愈系统检查开始
[2026-03-13 12:05:04] ⏰ 当前时间: 2026-03-13 12:05:04
[2026-03-13 12:05:04] ============================================================
[2026-03-13 12:05:04] ✅ 爬虫数据正常: 196 条，最新 12:02
[2026-03-13 12:05:04] 📄 报告状态: 日报❌, 深度分析❌
[2026-03-13 12:05:04] 🔧 开始修复日报...
[2026-03-13 12:05:04] ▶️ 生成日报: python3 generate_report_enhanced.py
[2026-03-13 12:05:04] ✅ 成功: 生成日报
[2026-03-13 12:05:04] ▶️ 发送日报邮件: python3 send_email.py
[2026-03-13 12:05:06] ✅ 成功: 发送日报邮件
[2026-03-13 12:05:06] ✅ 日报修复并发送成功
[2026-03-13 12:05:07] ✅ 告警邮件已发送: 日报已自动修复并发送
[2026-03-13 12:05:07] 🔧 开始修复深度分析...
[2026-03-13 12:05:07] ▶️ 生成深度分析: python3 generate_deep_analysis.py
[2026-03-13 12:05:07] ✅ 成功: 生成深度分析
[2026-03-13 12:05:07] ▶️ 发送深度分析邮件: python3 send_email.py --deep
[2026-03-13 12:05:08] ✅ 成功: 发送深度分析邮件
[2026-03-13 12:05:08] ✅ 深度分析修复并发送成功
[2026-03-13 12:05:09] ✅ 告警邮件已发送: 深度分析已自动修复并发送
[2026-03-13 12:05:09] ============================================================
[2026-03-13 12:05:09] 🔧 发现 2 个问题，修复 2 个
[2026-03-13 12:05:09] ============================================================
[2026-03-13 14:00:06] ============================================================
[2026-03-13 14:00:06] 🔍 自愈系统检查开始
[2026-03-13 14:00:06] ⏰ 当前时间: 2026-03-13 14:00:06
[2026-03-13 14:00:06] ============================================================
[2026-03-13 14:00:06] ✅ 爬虫数据正常: 196 条，最新 12:02
[2026-03-13 14:00:06] 📄 报告状态: 日报✅, 深度分析✅
[2026-03-13 14:00:06] ============================================================
[2026-03-13 14:00:06] ✅ 所有检查通过，系统状态正常
[2026-03-13 14:00:06] ============================================================
[2026-03-13 18:01:07] ============================================================
[2026-03-13 18:01:07] 🔍 自愈系统检查开始
[2026-03-13 18:01:07] ⏰ 当前时间: 2026-03-13 18:01:07
[2026-03-13 18:01:07] ============================================================
[2026-03-13 18:01:07] ⚠️ 爬虫数据较旧，最新数据 6.0 小时前
[2026-03-13 18:01:07] 🔧 开始修复爬虫数据...
[2026-03-13 18:01:07] ▶️ 执行多站点爬虫: timeout 300 python3 crawler_multi_v2.py
[2026-03-13 18:01:26] ✅ 成功: 执行多站点爬虫
[2026-03-13 18:01:26] ✅ 爬虫数据修复成功
[2026-03-13 18:01:26] ⚠️ 日报较旧，5.9 小时前生成
[2026-03-13 18:01:26] ⚠️ 深度分析较旧，5.9 小时前生成
[2026-03-13 18:01:26] 📄 报告状态: 日报❌, 深度分析❌
[2026-03-13 18:01:26] 🔧 开始修复日报...
[2026-03-13 18:01:26] ▶️ 生成日报: python3 generate_report_enhanced.py
[2026-03-13 18:01:26] ✅ 成功: 生成日报
[2026-03-13 18:01:26] ▶️ 发送日报邮件: python3 send_email.py
[2026-03-13 18:01:27] ✅ 成功: 发送日报邮件
[2026-03-13 18:01:27] ✅ 日报修复并发送成功
[2026-03-13 18:01:29] ✅ 告警邮件已发送: 日报已自动修复并发送
[2026-03-13 18:01:29] 🔧 开始修复深度分析...
[2026-03-13 18:01:29] ▶️ 生成深度分析: python3 generate_deep_analysis.py
[2026-03-13 18:01:29] ✅ 成功: 生成深度分析
[2026-03-13 18:01:29] ▶️ 发送深度分析邮件: python3 send_email.py --deep
[2026-03-13 18:01:30] ✅ 成功: 发送深度分析邮件
[2026-03-13 18:01:30] ✅ 深度分析修复并发送成功
[2026-03-13 18:01:31] ✅ 告警邮件已发送: 深度分析已自动修复并发送
[2026-03-13 18:01:31] ============================================================
[2026-03-13 18:01:31] 🔧 发现 3 个问题，修复 3 个
[2026-03-13 18:01:31] ============================================================
[2026-03-13 18:20:02] ============================================================
[2026-03-13 18:20:02] 🔍 自愈系统检查开始
[2026-03-13 18:20:02] ⏰ 当前时间: 2026-03-13 18:20:02
[2026-03-13 18:20:02] ============================================================
[2026-03-13 18:20:02] ✅ 爬虫数据正常: 389 条，最新 18:01
[2026-03-13 18:20:02] 📄 报告状态: 日报✅, 深度分析✅
[2026-03-13 18:20:02] ============================================================
[2026-03-13 18:20:02] ✅ 所有检查通过，系统状态正常
[2026-03-13 18:20:02] ============================================================
[2026-03-13 19:01:23] ============================================================
[2026-03-13 19:01:23] 🔍 自愈系统检查开始
[2026-03-13 19:01:23] ⏰ 当前时间: 2026-03-13 19:01:23
[2026-03-13 19:01:23] ============================================================
[2026-03-13 19:01:23] ✅ 爬虫数据正常: 389 条，最新 18:01
[2026-03-13 19:01:23] 📄 报告状态: 日报✅, 深度分析✅
[2026-03-13 19:01:23] ============================================================
[2026-03-13 19:01:23] ✅ 所有检查通过，系统状态正常
[2026-03-13 19:01:23] ============================================================
[2026-03-13 20:04:15] ============================================================
[2026-03-13 20:04:15] 🔍 自愈系统检查开始
[2026-03-13 20:04:15] ⏰ 当前时间: 2026-03-13 20:04:15
[2026-03-13 20:04:15] ============================================================
[2026-03-13 20:04:15] ⚠️ 爬虫数据较旧，最新数据 2.1 小时前
[2026-03-13 20:04:15] 🔧 开始修复爬虫数据...
[2026-03-13 20:04:15] ▶️ 执行多站点爬虫: timeout 300 python3 crawler_multi_v2.py
[2026-03-13 20:04:35] ✅ 成功: 执行多站点爬虫
[2026-03-13 20:04:35] ✅ 爬虫数据修复成功
[2026-03-13 20:04:35] 📄 报告状态: 日报✅, 深度分析✅
[2026-03-13 20:04:35] ============================================================
[2026-03-13 20:04:35] 🔧 发现 1 个问题，修复 1 个
[2026-03-13 20:04:35] ============================================================
[2026-03-14 00:07:10] ============================================================
[2026-03-14 00:07:10] 🔍 自愈系统检查开始
[2026-03-14 00:07:10] ⏰ 当前时间: 2026-03-14 00:07:10
[2026-03-14 00:07:10] ============================================================
[2026-03-14 00:07:10] ✅ 爬虫数据正常: 193 条，最新 00:06
[2026-03-14 00:07:10] 📄 报告状态: 日报❌, 深度分析❌
[2026-03-14 00:07:10] 🔧 开始修复日报...
[2026-03-14 00:07:10] ▶️ 生成日报: python3 generate_report_enhanced.py
[2026-03-14 00:07:10] ✅ 成功: 生成日报
[2026-03-14 00:07:10] ▶️ 发送日报邮件: python3 send_email.py
[2026-03-14 00:07:11] ✅ 成功: 发送日报邮件
[2026-03-14 00:07:11] ✅ 日报修复并发送成功
[2026-03-14 00:07:12] ✅ 告警邮件已发送: 日报已自动修复并发送
[2026-03-14 00:07:12] 🔧 开始修复深度分析...
[2026-03-14 00:07:12] ▶️ 生成深度分析: python3 generate_deep_analysis.py
[2026-03-14 00:07:12] ✅ 成功: 生成深度分析
[2026-03-14 00:07:12] ▶️ 发送深度分析邮件: python3 send_email.py --deep
[2026-03-14 00:07:14] ✅ 成功: 发送深度分析邮件
[2026-03-14 00:07:14] ✅ 深度分析修复并发送成功
[2026-03-14 00:07:15] ✅ 告警邮件已发送: 深度分析已自动修复并发送
[2026-03-14 00:07:15] ============================================================
[2026-03-14 00:07:15] 🔧 发现 2 个问题，修复 2 个
[2026-03-14 00:07:15] ============================================================
[2026-03-14 06:01:51] ============================================================
[2026-03-14 06:01:51] 🔍 自愈系统检查开始
[2026-03-14 06:01:51] ⏰ 当前时间: 2026-03-14 06:01:51
[2026-03-14 06:01:51] ============================================================
[2026-03-14 06:01:51] ✅ 爬虫数据正常: 386 条，最新 04:05
[2026-03-14 06:01:51] ⚠️ 日报较旧，5.9 小时前生成
[2026-03-14 06:01:51] ⚠️ 深度分析较旧，5.9 小时前生成
[2026-03-14 06:01:51] 📄 报告状态: 日报❌, 深度分析❌
[2026-03-14 06:01:51] 🔧 开始修复日报...
[2026-03-14 06:01:51] ▶️ 生成日报: python3 generate_report_enhanced.py
[2026-03-14 06:01:51] ✅ 成功: 生成日报
[2026-03-14 06:01:51] ▶️ 发送日报邮件: python3 send_email.py
[2026-03-14 06:01:52] ✅ 成功: 发送日报邮件
[2026-03-14 06:01:52] ✅ 日报修复并发送成功
[2026-03-14 06:01:53] ✅ 告警邮件已发送: 日报已自动修复并发送
[2026-03-14 06:01:53] 🔧 开始修复深度分析...
[2026-03-14 06:01:53] ▶️ 生成深度分析: python3 generate_deep_analysis.py
[2026-03-14 06:01:53] ✅ 成功: 生成深度分析
[2026-03-14 06:01:53] ▶️ 发送深度分析邮件: python3 send_email.py --deep
[2026-03-14 06:01:55] ✅ 成功: 发送深度分析邮件
[2026-03-14 06:01:55] ✅ 深度分析修复并发送成功
[2026-03-14 06:01:56] ✅ 告警邮件已发送: 深度分析已自动修复并发送
[2026-03-14 06:01:56] ============================================================
[2026-03-14 06:01:56] 🔧 发现 2 个问题，修复 2 个
[2026-03-14 06:01:56] ============================================================
[2026-03-14 10:00:05] ============================================================
[2026-03-14 10:00:05] 🔍 自愈系统检查开始
[2026-03-14 10:00:05] ⏰ 当前时间: 2026-03-14 10:00:05
[2026-03-14 10:00:05] ============================================================
[2026-03-14 10:00:05] ⚠️ 爬虫数据较旧，最新数据 5.9 小时前
[2026-03-14 10:00:05] 🔧 开始修复爬虫数据...
[2026-03-14 10:00:05] ▶️ 执行多站点爬虫: timeout 300 python3 crawler_multi_v2.py
[2026-03-14 10:00:25] ✅ 成功: 执行多站点爬虫
[2026-03-14 10:00:25] ✅ 爬虫数据修复成功
[2026-03-14 10:00:25] 📄 报告状态: 日报✅, 深度分析✅
[2026-03-14 10:00:25] ============================================================
[2026-03-14 10:00:25] 🔧 发现 1 个问题，修复 1 个
[2026-03-14 10:00:25] ============================================================
[2026-03-14 11:15:00] ============================================================
[2026-03-14 11:15:00] 🔍 自愈系统检查开始
[2026-03-14 11:15:00] ⏰ 当前时间: 2026-03-14 11:15:00
[2026-03-14 11:15:00] ============================================================
[2026-03-14 11:15:00] ✅ 爬虫数据正常: 579 条
[2026-03-14 11:15:00] 📄 报告状态: 日报✅, 深度分析✅
[2026-03-14 11:15:00] ============================================================
[2026-03-14 11:15:00] ✅ 所有检查通过，系统状态正常
[2026-03-14 11:15:00] ============================================================
[2026-03-14 12:04:08] ============================================================
[2026-03-14 12:04:08] 🔍 自愈系统检查开始
[2026-03-14 12:04:08] ⏰ 当前时间: 2026-03-14 12:04:08
[2026-03-14 12:04:08] ============================================================
[2026-03-14 12:04:08] ✅ 爬虫数据正常: 772 条
[2026-03-14 12:04:08] 📄 报告状态: 日报✅, 深度分析✅
[2026-03-14 12:04:08] ============================================================
[2026-03-14 12:04:08] ✅ 所有检查通过，系统状态正常
[2026-03-14 12:04:08] ============================================================
[2026-03-14 14:00:04] ============================================================
[2026-03-14 14:00:04] 🔍 自愈系统检查开始
[2026-03-14 14:00:04] ⏰ 当前时间: 2026-03-14 14:00:04
[2026-03-14 14:00:04] ============================================================
[2026-03-14 14:00:04] ✅ 爬虫数据正常: 772 条
[2026-03-14 14:00:04] 📄 报告状态: 日报✅, 深度分析✅
[2026-03-14 14:00:04] ============================================================
[2026-03-14 14:00:04] ✅ 所有检查通过，系统状态正常
[2026-03-14 14:00:04] ============================================================
[2026-03-14 16:06:13] ============================================================
[2026-03-14 16:06:13] 🔍 自愈系统检查开始
[2026-03-14 16:06:13] ⏰ 当前时间: 2026-03-14 16:06:13
[2026-03-14 16:06:13] ============================================================
[2026-03-14 16:06:13] ⚠️ 爬虫数据较旧，最新数据 4.1 小时前
[2026-03-14 16:06:13] ⚠️ 爬虫数据异常，将在下次爬虫任务中自动修复
[2026-03-14 16:06:13] 📄 报告状态: 日报✅, 深度分析✅
[2026-03-14 16:06:13] ============================================================
[2026-03-14 16:06:13] ⚠️ 发现 1 个问题，已记录，将由专门任务处理
[2026-03-14 16:06:13] ============================================================
[2026-03-14 18:00:09] ============================================================
[2026-03-14 18:00:09] 🔍 自愈系统检查开始
[2026-03-14 18:00:09] ⏰ 当前时间: 2026-03-14 18:00:09
[2026-03-14 18:00:09] ============================================================
[2026-03-14 18:00:09] ⚠️ 爬虫数据较旧，最新数据 6.0 小时前
[2026-03-14 18:00:09] ⚠️ 爬虫数据异常，将在下次爬虫任务中自动修复
[2026-03-14 18:00:09] 📄 报告状态: 日报✅, 深度分析✅
[2026-03-14 18:00:09] ============================================================
[2026-03-14 18:00:09] ⚠️ 发现 1 个问题，已记录，将由专门任务处理
[2026-03-14 18:00:09] ============================================================
[2026-03-14 18:20:02] ============================================================
[2026-03-14 18:20:02] 🔍 自愈系统检查开始
[2026-03-14 18:20:02] ⏰ 当前时间: 2026-03-14 18:20:02
[2026-03-14 18:20:02] ============================================================
[2026-03-14 18:20:02] ⚠️ 爬虫数据较旧，最新数据 6.3 小时前
[2026-03-14 18:20:02] 🔧 开始修复爬虫数据...
[2026-03-14 18:20:02] ▶️ 执行多站点爬虫: timeout 300 python3 crawler_multi_v2.py
[2026-03-14 18:20:20] ✅ 成功: 执行多站点爬虫
[2026-03-14 18:20:20] ✅ 爬虫数据修复成功
[2026-03-14 18:20:20] 📄 报告状态: 日报✅, 深度分析✅
[2026-03-14 18:20:20] ============================================================
[2026-03-14 18:20:20] 🔧 发现 1 个问题，修复 1 个
[2026-03-14 18:20:20] ============================================================
[2026-03-14 19:00:09] ============================================================
[2026-03-14 19:00:09] 🔍 自愈系统检查开始
[2026-03-14 19:00:09] ⏰ 当前时间: 2026-03-14 19:00:09
[2026-03-14 19:00:09] ============================================================
[2026-03-14 19:00:09] ✅ 爬虫数据正常: 965 条，最新 18:20
[2026-03-14 19:00:09] 📄 报告状态: 日报✅, 深度分析✅
[2026-03-14 19:00:09] ============================================================
[2026-03-14 19:00:09] ✅ 所有检查通过，系统状态正常
[2026-03-14 19:00:09] ============================================================
[2026-03-14 20:07:01] ============================================================
[2026-03-14 20:07:01] 🔍 自愈系统检查开始
[2026-03-14 20:07:01] ⏰ 当前时间: 2026-03-14 20:07:01
[2026-03-14 20:07:01] ============================================================
[2026-03-14 20:07:01] ✅ 爬虫数据正常: 1158 条
[2026-03-14 20:07:01] 📄 报告状态: 日报✅, 深度分析✅
[2026-03-14 20:07:01] ============================================================
[2026-03-14 20:07:01] ✅ 所有检查通过，系统状态正常
[2026-03-14 20:07:01] ============================================================
