[2026-03-22 00:07:00] ============================================================
[2026-03-22 00:07:00] 🔍 Harness 自愈系统启动
[2026-03-22 00:07:00] ⏰ 当前时间: 2026-03-22 00:07:00
[2026-03-22 00:07:00] ============================================================
[2026-03-22 00:07:00] 
[步骤1/5] 扫描系统状态...
[2026-03-22 00:07:00]   ✓ 系统组件: active
[2026-03-22 00:07:00]   ✓ 学习模式: 1 个
[2026-03-22 00:07:00] 
[步骤2/5] 检查爬虫状态...
[2026-03-22 00:07:00] 
[检查] 爬虫数据状态...
[2026-03-22 00:07:00] ✅ 爬虫数据正常: 201 条
[2026-03-22 00:07:00] 
[步骤3/5] 检查报告状态...
[2026-03-22 00:07:00] 
[检查] 报告状态...
[2026-03-22 00:07:00] ⚠️ 发现 2 个问题: 日报缺失, 深度分析缺失
[2026-03-22 00:07:00]   - 日报缺失: 自动修复
[2026-03-22 00:07:00]   - 深度分析缺失: 自动修复
[2026-03-22 00:07:00] 
[步骤4/5] 错误统计...
[2026-03-22 00:07:00]   - data_insufficient: 1 次
[2026-03-22 00:07:00]   - format_invalid: 2 次
[2026-03-22 00:07:00] 
[步骤5/5] 生成自愈报告...
[2026-03-22 00:07:00] ⚠️ 发现 1 个问题，已记录到反馈循环
[2026-03-22 00:07:00] ============================================================
[2026-03-22 00:07:00] Harness 自愈系统检查完成
[2026-03-22 00:07:00] ============================================================
[2026-03-22 02:00:12] ============================================================
[2026-03-22 02:00:12] 🔍 Harness 自愈系统启动
[2026-03-22 02:00:12] ⏰ 当前时间: 2026-03-22 02:00:12
[2026-03-22 02:00:12] ============================================================
[2026-03-22 02:00:12] 
[步骤1/5] 扫描系统状态...
[2026-03-22 02:00:12]   ✓ 系统组件: active
[2026-03-22 02:00:12]   ✓ 学习模式: 2 个
[2026-03-22 02:00:12] 
[步骤2/5] 检查爬虫状态...
[2026-03-22 02:00:12] 
[检查] 爬虫数据状态...
[2026-03-22 02:00:12] ✅ 爬虫数据正常: 201 条
[2026-03-22 02:00:12] 
[步骤3/5] 检查报告状态...
[2026-03-22 02:00:12] 
[检查] 报告状态...
[2026-03-22 02:00:12] ⚠️ 发现 2 个问题: 日报缺失, 深度分析缺失
[2026-03-22 02:00:12]   - 日报缺失: 自动修复
[2026-03-22 02:00:12]   - 深度分析缺失: 自动修复
[2026-03-22 02:00:12] 
[步骤4/5] 错误统计...
[2026-03-22 02:00:12]   - data_insufficient: 1 次
[2026-03-22 02:00:12]   - format_invalid: 4 次
[2026-03-22 02:00:12] 
[步骤5/5] 生成自愈报告...
[2026-03-22 02:00:12] ⚠️ 发现 1 个问题，已记录到反馈循环
[2026-03-22 02:00:12] ============================================================
[2026-03-22 02:00:12] Harness 自愈系统检查完成
[2026-03-22 02:00:12] ============================================================
[2026-03-22 04:11:16] ============================================================
[2026-03-22 04:11:16] 🔍 Harness 自愈系统启动
[2026-03-22 04:11:16] ⏰ 当前时间: 2026-03-22 04:11:16
[2026-03-22 04:11:16] ============================================================
[2026-03-22 04:11:16] 
[步骤1/5] 扫描系统状态...
[2026-03-22 04:11:16]   ✓ 系统组件: active
[2026-03-22 04:11:16]   ✓ 学习模式: 2 个
[2026-03-22 04:11:16] 
[步骤2/5] 检查爬虫状态...
[2026-03-22 04:11:16] 
[检查] 爬虫数据状态...
[2026-03-22 04:11:16] ✅ 爬虫数据正常: 201 条
[2026-03-22 04:11:16] 
[步骤3/5] 检查报告状态...
[2026-03-22 04:11:16] 
[检查] 报告状态...
[2026-03-22 04:11:16] ⚠️ 发现 2 个问题: 日报缺失, 深度分析缺失
[2026-03-22 04:11:16]   - 日报缺失: 自动修复
[2026-03-22 04:11:16]   - 深度分析缺失: 自动修复
[2026-03-22 04:11:16] 
[步骤4/5] 错误统计...
[2026-03-22 04:11:16]   - data_insufficient: 1 次
[2026-03-22 04:11:16]   - format_invalid: 6 次
[2026-03-22 04:11:16] 
[步骤5/5] 生成自愈报告...
[2026-03-22 04:11:16] ⚠️ 发现 1 个问题，已记录到反馈循环
[2026-03-22 04:11:16] ============================================================
[2026-03-22 04:11:16] Harness 自愈系统检查完成
[2026-03-22 04:11:16] ============================================================
[2026-03-22 06:00:15] ============================================================
[2026-03-22 06:00:15] 🔍 Harness 自愈系统启动
[2026-03-22 06:00:15] ⏰ 当前时间: 2026-03-22 06:00:15
[2026-03-22 06:00:15] ============================================================
[2026-03-22 06:00:15] 
[步骤1/5] 扫描系统状态...
[2026-03-22 06:00:15]   ✓ 系统组件: active
[2026-03-22 06:00:15]   ✓ 学习模式: 2 个
[2026-03-22 06:00:15] 
[步骤2/5] 检查爬虫状态...
[2026-03-22 06:00:15] 
[检查] 爬虫数据状态...
[2026-03-22 06:00:15] ✅ 爬虫数据正常: 201 条
[2026-03-22 06:00:15] 
[步骤3/5] 检查报告状态...
[2026-03-22 06:00:15] 
[检查] 报告状态...
[2026-03-22 06:00:15] ⚠️ 发现 1 个问题: 日报缺失
[2026-03-22 06:00:15]   - 日报缺失: 自动修复
[2026-03-22 06:00:15] 
[步骤4/5] 错误统计...
[2026-03-22 06:00:15]   - data_insufficient: 2 次
[2026-03-22 06:00:15]   - format_invalid: 7 次
[2026-03-22 06:00:15] 
[步骤5/5] 生成自愈报告...
[2026-03-22 06:00:15] ⚠️ 发现 1 个问题，已记录到反馈循环
[2026-03-22 06:00:15] ============================================================
[2026-03-22 06:00:15] Harness 自愈系统检查完成
[2026-03-22 06:00:15] ============================================================
[2026-03-22 08:03:07] ============================================================
[2026-03-22 08:03:07] 🔍 Harness 自愈系统启动
[2026-03-22 08:03:07] ⏰ 当前时间: 2026-03-22 08:03:07
[2026-03-22 08:03:07] ============================================================
[2026-03-22 08:03:07] 
[步骤1/5] 扫描系统状态...
[2026-03-22 08:03:07]   ✓ 系统组件: active
[2026-03-22 08:03:07]   ✓ 学习模式: 2 个
[2026-03-22 08:03:07] 
[步骤2/5] 检查爬虫状态...
[2026-03-22 08:03:07] 
[检查] 爬虫数据状态...
[2026-03-22 08:03:07] ✅ 爬虫数据正常: 201 条
[2026-03-22 08:03:07] 
[步骤3/5] 检查报告状态...
[2026-03-22 08:03:07] 
[检查] 报告状态...
[2026-03-22 08:03:07] ⚠️ 发现 1 个问题: 日报缺失
[2026-03-22 08:03:07]   - 日报缺失: 自动修复
[2026-03-22 08:03:07] 
[步骤4/5] 错误统计...
[2026-03-22 08:03:07]   - data_insufficient: 2 次
[2026-03-22 08:03:07]   - format_invalid: 8 次
[2026-03-22 08:03:07] 
[步骤5/5] 生成自愈报告...
[2026-03-22 08:03:07] ⚠️ 发现 1 个问题，已记录到反馈循环
[2026-03-22 08:03:07] ============================================================
[2026-03-22 08:03:07] Harness 自愈系统检查完成
[2026-03-22 08:03:07] ============================================================
[2026-03-22 16:04:10] ============================================================
[2026-03-22 16:04:10] 🔍 Harness 自愈系统启动
[2026-03-22 16:04:10] ⏰ 当前时间: 2026-03-22 16:04:10
[2026-03-22 16:04:10] ============================================================
[2026-03-22 16:04:10] 
[步骤1/5] 扫描系统状态...
[2026-03-22 16:04:10]   ✓ 系统组件: active
[2026-03-22 16:04:10]   ✓ 学习模式: 2 个
[2026-03-22 16:04:10] 
[步骤2/5] 检查爬虫状态...
[2026-03-22 16:04:10] 
[检查] 爬虫数据状态...
[2026-03-22 16:04:10] ✅ 爬虫数据正常: 402 条
[2026-03-22 16:04:10] 
[步骤3/5] 检查报告状态...
[2026-03-22 16:04:10] 
[检查] 报告状态...
[2026-03-22 16:04:10] ⚠️ 发现 1 个问题: 日报缺失
[2026-03-22 16:04:10]   - 日报缺失: 自动修复
[2026-03-22 16:04:10] 
[步骤4/5] 错误统计...
[2026-03-22 16:04:10]   - data_insufficient: 2 次
[2026-03-22 16:04:10]   - format_invalid: 9 次
[2026-03-22 16:04:10] 
[步骤5/5] 生成自愈报告...
[2026-03-22 16:04:10] ⚠️ 发现 1 个问题，已记录到反馈循环
[2026-03-22 16:04:10] ============================================================
[2026-03-22 16:04:10] Harness 自愈系统检查完成
[2026-03-22 16:04:10] ============================================================
[2026-03-22 18:20:10] ============================================================
[2026-03-22 18:20:10] 🔍 Harness 自愈系统启动
[2026-03-22 18:20:10] ⏰ 当前时间: 2026-03-22 18:20:10
[2026-03-22 18:20:10] ============================================================
[2026-03-22 18:20:11] 
[步骤1/5] 扫描系统状态...
[2026-03-22 18:20:11]   ✓ 系统组件: active
[2026-03-22 18:20:11]   ✓ 学习模式: 2 个
[2026-03-22 18:20:11] 
[步骤2/5] 检查爬虫状态...
[2026-03-22 18:20:11] 
[检查] 爬虫数据状态...
[2026-03-22 18:20:11] ✅ 爬虫数据正常: 603 条
[2026-03-22 18:20:11] 
[步骤3/5] 检查报告状态...
[2026-03-22 18:20:11] 
[检查] 报告状态...
[2026-03-22 18:20:11] ⚠️ 发现 1 个问题: 日报缺失
[2026-03-22 18:20:11]   - 日报缺失: 自动修复
[2026-03-22 18:20:11] 
[步骤4/5] 错误统计...
[2026-03-22 18:20:11]   - data_insufficient: 4 次
[2026-03-22 18:20:11]   - format_invalid: 10 次
[2026-03-22 18:20:11] 
[步骤5/5] 生成自愈报告...
[2026-03-22 18:20:11] ⚠️ 发现 1 个问题，已记录到反馈循环
[2026-03-22 18:20:11] ============================================================
[2026-03-22 18:20:11] Harness 自愈系统检查完成
[2026-03-22 18:20:11] ============================================================
[2026-03-22 19:00:18] ============================================================
[2026-03-22 19:00:18] 🔍 Harness 自愈系统启动
[2026-03-22 19:00:18] ⏰ 当前时间: 2026-03-22 19:00:18
[2026-03-22 19:00:18] ============================================================
[2026-03-22 19:00:18] 
[步骤1/5] 扫描系统状态...
[2026-03-22 19:00:18]   ✓ 系统组件: active
[2026-03-22 19:00:18]   ✓ 学习模式: 2 个
[2026-03-22 19:00:18] 
[步骤2/5] 检查爬虫状态...
[2026-03-22 19:00:18] 
[检查] 爬虫数据状态...
[2026-03-22 19:00:18] ✅ 爬虫数据正常: 603 条
[2026-03-22 19:00:18] 
[步骤3/5] 检查报告状态...
[2026-03-22 19:00:18] 
[检查] 报告状态...
[2026-03-22 19:00:18] ✅ 报告状态正常
[2026-03-22 19:00:18] 
[步骤4/5] 错误统计...
[2026-03-22 19:00:18]   - data_insufficient: 6 次
[2026-03-22 19:00:18]   - format_invalid: 10 次
[2026-03-22 19:00:18] 
[步骤5/5] 生成自愈报告...
[2026-03-22 19:00:18] ✅ 所有检查通过，系统状态正常
[2026-03-22 19:00:18] ============================================================
[2026-03-22 19:00:18] Harness 自愈系统检查完成
[2026-03-22 19:00:18] ============================================================
[2026-03-22 22:01:25] ============================================================
[2026-03-22 22:01:25] 🔍 Harness 自愈系统启动
[2026-03-22 22:01:25] ⏰ 当前时间: 2026-03-22 22:01:25
[2026-03-22 22:01:25] ============================================================
[2026-03-22 22:01:25] 
[步骤1/5] 扫描系统状态...
[2026-03-22 22:01:25]   ✓ 系统组件: active
[2026-03-22 22:01:25]   ✓ 学习模式: 2 个
[2026-03-22 22:01:25] 
[步骤2/5] 检查爬虫状态...
[2026-03-22 22:01:25] 
[检查] 爬虫数据状态...
[2026-03-22 22:01:25] ✅ 爬虫数据正常: 804 条
[2026-03-22 22:01:25] 
[步骤3/5] 检查报告状态...
[2026-03-22 22:01:25] 
[检查] 报告状态...
[2026-03-22 22:01:25] ✅ 报告状态正常
[2026-03-22 22:01:25] 
[步骤4/5] 错误统计...
[2026-03-22 22:01:25]   - data_insufficient: 6 次
[2026-03-22 22:01:25]   - format_invalid: 10 次
[2026-03-22 22:01:25] 
[步骤5/5] 生成自愈报告...
[2026-03-22 22:01:25] ✅ 所有检查通过，系统状态正常
[2026-03-22 22:01:25] ============================================================
[2026-03-22 22:01:25] Harness 自愈系统检查完成
[2026-03-22 22:01:25] ============================================================
[2026-03-23 00:06:19] ============================================================
[2026-03-23 00:06:19] 🔍 Harness 自愈系统启动
[2026-03-23 00:06:19] ⏰ 当前时间: 2026-03-23 00:06:19
[2026-03-23 00:06:19] ============================================================
[2026-03-23 00:06:19] 
[步骤1/5] 扫描系统状态...
[2026-03-23 00:06:19]   ✓ 系统组件: active
[2026-03-23 00:06:19]   ✓ 学习模式: 2 个
[2026-03-23 00:06:19] 
[步骤2/5] 检查爬虫状态...
[2026-03-23 00:06:19] 
[检查] 爬虫数据状态...
[2026-03-23 00:06:19] ⚠️ 今日爬虫数据不存在，触发反馈循环...
[2026-03-23 00:06:32] ✅ 自动修复已执行: retry_crawler
[2026-03-23 00:06:32] 
[步骤3/5] 检查报告状态...
[2026-03-23 00:06:32] 
[检查] 报告状态...
[2026-03-23 00:06:32] ⚠️ 发现 2 个问题: 日报缺失, 深度分析缺失
[2026-03-23 00:06:32]   - 日报缺失: 自动修复
[2026-03-23 00:06:32]   - 深度分析缺失: 自动修复
[2026-03-23 00:06:32] 
[步骤4/5] 错误统计...
[2026-03-23 00:06:32]   - data_insufficient: 7 次
[2026-03-23 00:06:32]   - format_invalid: 12 次
[2026-03-23 00:06:32] 
[步骤5/5] 生成自愈报告...
[2026-03-23 00:06:32] ⚠️ 发现 1 个问题，已记录到反馈循环
[2026-03-23 00:06:32] ============================================================
[2026-03-23 00:06:32] Harness 自愈系统检查完成
[2026-03-23 00:06:32] ============================================================
[2026-03-23 02:00:09] ============================================================
[2026-03-23 02:00:09] 🔍 Harness 自愈系统启动
[2026-03-23 02:00:09] ⏰ 当前时间: 2026-03-23 02:00:09
[2026-03-23 02:00:09] ============================================================
[2026-03-23 02:00:09] 
[步骤1/5] 扫描系统状态...
[2026-03-23 02:00:09]   ✓ 系统组件: active
[2026-03-23 02:00:09]   ✓ 学习模式: 2 个
[2026-03-23 02:00:09] 
[步骤2/5] 检查爬虫状态...
[2026-03-23 02:00:09] 
[检查] 爬虫数据状态...
[2026-03-23 02:00:09] ✅ 爬虫数据正常: 201 条
[2026-03-23 02:00:09] 
[步骤3/5] 检查报告状态...
[2026-03-23 02:00:09] 
[检查] 报告状态...
[2026-03-23 02:00:09] ⚠️ 发现 2 个问题: 日报缺失, 深度分析缺失
[2026-03-23 02:00:09]   - 日报缺失: 自动修复
[2026-03-23 02:00:09]   - 深度分析缺失: 自动修复
[2026-03-23 02:00:09] 
[步骤4/5] 错误统计...
[2026-03-23 02:00:09]   - data_insufficient: 7 次
[2026-03-23 02:00:09]   - format_invalid: 14 次
[2026-03-23 02:00:09] 
[步骤5/5] 生成自愈报告...
[2026-03-23 02:00:09] ⚠️ 发现 1 个问题，已记录到反馈循环
[2026-03-23 02:00:09] ============================================================
[2026-03-23 02:00:09] Harness 自愈系统检查完成
[2026-03-23 02:00:09] ============================================================
[2026-03-23 04:09:33] ============================================================
[2026-03-23 04:09:33] 🔍 Harness 自愈系统启动
[2026-03-23 04:09:33] ⏰ 当前时间: 2026-03-23 04:09:33
[2026-03-23 04:09:33] ============================================================
[2026-03-23 04:09:34] 
[步骤1/5] 扫描系统状态...
[2026-03-23 04:09:34]   ✓ 系统组件: active
[2026-03-23 04:09:34]   ✓ 学习模式: 2 个
[2026-03-23 04:09:34] 
[步骤2/5] 检查爬虫状态...
[2026-03-23 04:09:34] 
[检查] 爬虫数据状态...
[2026-03-23 04:09:34] ✅ 爬虫数据正常: 201 条
[2026-03-23 04:09:34] 
[步骤3/5] 检查报告状态...
[2026-03-23 04:09:34] 
[检查] 报告状态...
[2026-03-23 04:09:34] ⚠️ 发现 2 个问题: 日报缺失, 深度分析缺失
[2026-03-23 04:09:34]   - 日报缺失: 自动修复
[2026-03-23 04:09:34]   - 深度分析缺失: 自动修复
[2026-03-23 04:09:34] 
[步骤4/5] 错误统计...
[2026-03-23 04:09:34]   - data_insufficient: 7 次
[2026-03-23 04:09:34]   - format_invalid: 16 次
[2026-03-23 04:09:34] 
[步骤5/5] 生成自愈报告...
[2026-03-23 04:09:34] ⚠️ 发现 1 个问题，已记录到反馈循环
[2026-03-23 04:09:34] ============================================================
[2026-03-23 04:09:34] Harness 自愈系统检查完成
[2026-03-23 04:09:34] ============================================================
[2026-03-23 06:00:07] ============================================================
[2026-03-23 06:00:07] 🔍 Harness 自愈系统启动
[2026-03-23 06:00:07] ⏰ 当前时间: 2026-03-23 06:00:07
[2026-03-23 06:00:07] ============================================================
[2026-03-23 06:00:07] 
[步骤1/5] 扫描系统状态...
[2026-03-23 06:00:07]   ✓ 系统组件: active
[2026-03-23 06:00:07]   ✓ 学习模式: 2 个
[2026-03-23 06:00:07] 
[步骤2/5] 检查爬虫状态...
[2026-03-23 06:00:07] 
[检查] 爬虫数据状态...
[2026-03-23 06:00:07] ✅ 爬虫数据正常: 603 条
[2026-03-23 06:00:07] 
[步骤3/5] 检查报告状态...
[2026-03-23 06:00:07] 
[检查] 报告状态...
[2026-03-23 06:00:07] ⚠️ 发现 2 个问题: 日报缺失, 深度分析缺失
[2026-03-23 06:00:07]   - 日报缺失: 自动修复
[2026-03-23 06:00:07]   - 深度分析缺失: 自动修复
[2026-03-23 06:00:07] 
[步骤4/5] 错误统计...
[2026-03-23 06:00:07]   - data_insufficient: 7 次
[2026-03-23 06:00:07]   - format_invalid: 18 次
[2026-03-23 06:00:07] 
[步骤5/5] 生成自愈报告...
[2026-03-23 06:00:07] ⚠️ 发现 1 个问题，已记录到反馈循环
[2026-03-23 06:00:07] ============================================================
[2026-03-23 06:00:07] Harness 自愈系统检查完成
[2026-03-23 06:00:07] ============================================================
[2026-03-23 16:04:11] ============================================================
[2026-03-23 16:04:11] 🔍 Harness 自愈系统启动
[2026-03-23 16:04:11] ⏰ 当前时间: 2026-03-23 16:04:11
[2026-03-23 16:04:11] ============================================================
[2026-03-23 16:04:11] 
[步骤1/5] 扫描系统状态...
[2026-03-23 16:04:11]   ✓ 系统组件: active
[2026-03-23 16:04:11]   ✓ 学习模式: 2 个
[2026-03-23 16:04:11] 
[步骤2/5] 检查爬虫状态...
[2026-03-23 16:04:11] 
[检查] 爬虫数据状态...
[2026-03-23 16:04:11] ✅ 爬虫数据正常: 1005 条
[2026-03-23 16:04:11] 
[步骤3/5] 检查报告状态...
[2026-03-23 16:04:11] 
[检查] 报告状态...
[2026-03-23 16:04:11] ⚠️ 发现 2 个问题: 日报缺失, 深度分析缺失
[2026-03-23 16:04:11]   - 日报缺失: 自动修复
[2026-03-23 16:04:11]   - 深度分析缺失: 自动修复
[2026-03-23 16:04:11] 
[步骤4/5] 错误统计...
[2026-03-23 16:04:11]   - data_insufficient: 7 次
[2026-03-23 16:04:11]   - format_invalid: 20 次
[2026-03-23 16:04:11] 
[步骤5/5] 生成自愈报告...
[2026-03-23 16:04:11] ⚠️ 发现 1 个问题，已记录到反馈循环
[2026-03-23 16:04:11] ============================================================
[2026-03-23 16:04:11] Harness 自愈系统检查完成
[2026-03-23 16:04:11] ============================================================
[2026-03-23 18:01:49] ============================================================
[2026-03-23 18:01:49] 🔍 Harness 自愈系统启动
[2026-03-23 18:01:49] ⏰ 当前时间: 2026-03-23 18:01:49
[2026-03-23 18:01:49] ============================================================
[2026-03-23 18:01:49] 
[步骤1/5] 扫描系统状态...
[2026-03-23 18:01:49]   ✓ 系统组件: active
[2026-03-23 18:01:49]   ✓ 学习模式: 2 个
[2026-03-23 18:01:49] 
[步骤2/5] 检查爬虫状态...
[2026-03-23 18:01:49] 
[检查] 爬虫数据状态...
[2026-03-23 18:01:49] ✅ 爬虫数据正常: 1206 条
[2026-03-23 18:01:49] 
[步骤3/5] 检查报告状态...
[2026-03-23 18:01:49] 
[检查] 报告状态...
[2026-03-23 18:01:49] ⚠️ 发现 2 个问题: 日报缺失, 深度分析缺失
[2026-03-23 18:01:49]   - 日报缺失: 自动修复
[2026-03-23 18:01:49]   - 深度分析缺失: 自动修复
[2026-03-23 18:01:49] 
[步骤4/5] 错误统计...
[2026-03-23 18:01:49]   - data_insufficient: 7 次
[2026-03-23 18:01:49]   - format_invalid: 22 次
[2026-03-23 18:01:49] 
[步骤5/5] 生成自愈报告...
[2026-03-23 18:01:49] ⚠️ 发现 1 个问题，已记录到反馈循环
[2026-03-23 18:01:49] ============================================================
[2026-03-23 18:01:49] Harness 自愈系统检查完成
[2026-03-23 18:01:49] ============================================================
[2026-03-23 18:20:04] ============================================================
[2026-03-23 18:20:04] 🔍 Harness 自愈系统启动
[2026-03-23 18:20:04] ⏰ 当前时间: 2026-03-23 18:20:04
[2026-03-23 18:20:04] ============================================================
[2026-03-23 18:20:04] 
[步骤1/5] 扫描系统状态...
[2026-03-23 18:20:04]   ✓ 系统组件: active
[2026-03-23 18:20:04]   ✓ 学习模式: 2 个
[2026-03-23 18:20:04] 
[步骤2/5] 检查爬虫状态...
[2026-03-23 18:20:04] 
[检查] 爬虫数据状态...
[2026-03-23 18:20:04] ✅ 爬虫数据正常: 1206 条
[2026-03-23 18:20:04] 
[步骤3/5] 检查报告状态...
[2026-03-23 18:20:04] 
[检查] 报告状态...
[2026-03-23 18:20:04] ⚠️ 发现 1 个问题: 深度分析缺失
[2026-03-23 18:20:04]   - 深度分析缺失: 自动修复
[2026-03-23 18:20:04] 
[步骤4/5] 错误统计...
[2026-03-23 18:20:04]   - data_insufficient: 8 次
[2026-03-23 18:20:04]   - format_invalid: 23 次
[2026-03-23 18:20:04] 
[步骤5/5] 生成自愈报告...
[2026-03-23 18:20:04] ⚠️ 发现 1 个问题，已记录到反馈循环
[2026-03-23 18:20:04] ============================================================
[2026-03-23 18:20:04] Harness 自愈系统检查完成
[2026-03-23 18:20:04] ============================================================
[2026-03-23 20:05:16] ============================================================
[2026-03-23 20:05:16] 🔍 Harness 自愈系统启动
[2026-03-23 20:05:16] ⏰ 当前时间: 2026-03-23 20:05:16
[2026-03-23 20:05:16] ============================================================
[2026-03-23 20:05:16] 
[步骤1/5] 扫描系统状态...
[2026-03-23 20:05:16]   ✓ 系统组件: active
[2026-03-23 20:05:16]   ✓ 学习模式: 2 个
[2026-03-23 20:05:16] 
[步骤2/5] 检查爬虫状态...
[2026-03-23 20:05:16] 
[检查] 爬虫数据状态...
[2026-03-23 20:05:16] ✅ 爬虫数据正常: 1206 条
[2026-03-23 20:05:16] 
[步骤3/5] 检查报告状态...
[2026-03-23 20:05:16] 
[检查] 报告状态...
[2026-03-23 20:05:16] ✅ 报告状态正常
[2026-03-23 20:05:16] 
[步骤4/5] 错误统计...
[2026-03-23 20:05:16]   - data_insufficient: 8 次
[2026-03-23 20:05:16]   - format_invalid: 23 次
[2026-03-23 20:05:16] 
[步骤5/5] 生成自愈报告...
[2026-03-23 20:05:16] ✅ 所有检查通过，系统状态正常
[2026-03-23 20:05:16] ============================================================
[2026-03-23 20:05:16] Harness 自愈系统检查完成
[2026-03-23 20:05:16] ============================================================
[2026-03-23 22:01:26] ============================================================
[2026-03-23 22:01:26] 🔍 Harness 自愈系统启动
[2026-03-23 22:01:26] ⏰ 当前时间: 2026-03-23 22:01:26
[2026-03-23 22:01:26] ============================================================
[2026-03-23 22:01:26] 
[步骤1/5] 扫描系统状态...
[2026-03-23 22:01:26]   ✓ 系统组件: active
[2026-03-23 22:01:26]   ✓ 学习模式: 2 个
[2026-03-23 22:01:26] 
[步骤2/5] 检查爬虫状态...
[2026-03-23 22:01:26] 
[检查] 爬虫数据状态...
[2026-03-23 22:01:26] ✅ 爬虫数据正常: 1406 条
[2026-03-23 22:01:26] 
[步骤3/5] 检查报告状态...
[2026-03-23 22:01:26] 
[检查] 报告状态...
[2026-03-23 22:01:26] ✅ 报告状态正常
[2026-03-23 22:01:26] 
[步骤4/5] 错误统计...
[2026-03-23 22:01:26]   - data_insufficient: 8 次
[2026-03-23 22:01:26]   - format_invalid: 23 次
[2026-03-23 22:01:26] 
[步骤5/5] 生成自愈报告...
[2026-03-23 22:01:26] ✅ 所有检查通过，系统状态正常
[2026-03-23 22:01:26] ============================================================
[2026-03-23 22:01:26] Harness 自愈系统检查完成
[2026-03-23 22:01:26] ============================================================
